200 words of size 1 bytes callocated for char *cvals1 at 0x2d7d310
400 words of size 1 bytes callocated for char *cvals2 at 0x2d7f3f0
200 words of size 1 bytes callocated for char *cvals3 at 0x2d7f590
#################################################
process id = 3750142
my_id=0, my_sz=1
CFD++: Version 19.1, Update 11
Compilation TIMESTAMP: Jan 22 2022 08:37:50
MCFD_LICEXT TIMESTAMP: Sat Jan 22 01:02:19 2022
-------------------------------------------------
Computer hostname is dvvis02
Computer system type is LINUX
#################################################
Current working directory is:
/davinci-1/home/apiccolo_ext/Image/training/trip
#################################################
#################################################
Current shell is:
/bin/bash
#################################################
#################################################
Current Software Version, Update:
CFD++: Version 19.1, Update 11
#################################################
This software is protected by copyright laws
of the United States of America.
This software is subject to SBIR Data Rights clauses
and unauthorized disclosure and distribution is prohibited.
Timestamp at run-begin: (1679568848Es) Thu Mar 23 11:54:08 2023
-------------------------------------------------------
Computer system name is defined in sysname.h
-------------------------------------------------------
This is a list of computer-dependent macros:
(for more information see 'sysdep*.h' files)
-----------------------------
Macro Name    Macro expansion
----------    ---------------
Computer      LINUX
INTG          int
UINTG         unsigned int
LONGINTG      long int
INTG8BYTE     long long int
REAL          double
REAL8BYTE     double
MC_OFF_T      long
SEEK_SET      0
MC_STDC       1
CONST         const
SEEK_CUR      1
SEEK_END      2
MCFD_PROCMEM  2G
MCFD_MAXMEM   2G
MCFD_SPROCMEM NULL (undefined)
MCFD_PPROCMEM NULL (undefined)
SINGLECPU_MC  defined
OPENGL_MC     defined
read_imap     2
writ_imap     2
read_ima8     3
writ_ima8     3
read_fmap     3
writ_fmap     3
read_fma4     22
writ_fma4     27
read_fma8     3
writ_fma8     3
-------------------------------------------------------
sizeof(char)      = 1 bytes
sizeof(int)       = 4 bytes
sizeof(long int)  = 8 bytes
sizeof(short int) = 2 bytes
sizeof(long long) = 8 bytes
sizeof(MC_OFF_T)  = 8 bytes
sizeof(float)     = 4 bytes
sizeof(double)    = 8 bytes
sizeof(void *)    = 8 bytes
sizeof(size_t)    = 8 bytes
-------------------------------------------------------
--------------------------------------------------
Allocation information from eqnsmem.c
1192 words of size 4 bytes callocated for INTG *iarr at 0x2d810c0
1300 words of size 8 bytes callocated for REAL *rarr at 0x2d82370
24576 words of size 1 bytes callocated for char *carr at 0x2d84c20
256 words of size 8 bytes callocated for char **eqnsinf[0].eqntit at 0x2d7f9f0
256 words of size 8 bytes callocated for char **eqnsinf[0].qprtit at 0x2d8ac30
256 words of size 8 bytes callocated for char **eqnsinf[0].ps_qprtit at 0x2d8b440
--------------------------------------------------
13 words of size 152 bytes callocated for struct tree *trees at 0x2d8bc50
10 words of size 104 bytes callocated for struct xyzsort *xyzsorts at 0x2d80200
100 words of size 4 bytes callocated for INTG *cta_nfa_arr1 at 0x2d80620
100 words of size 4 bytes callocated for INTG *cta_nfa_arr2 at 0x2d8c410
100 words of size 4 bytes callocated for INTG *cta_nvx_arr1 at 0x2d8c5b0
100 words of size 4 bytes callocated for INTG *cta_nvx_arr2 at 0x2d8c750
100 words of size 4 bytes callocated for INTG *cta_nfv_arr1 at 0x2d8c8f0
100 words of size 4 bytes callocated for INTG *cta_nfv_arr2 at 0x2d8ca90
100 words of size 4 bytes callocated for INTG *cta_nfv_arr3 at 0x2d8cc30
100 words of size 4 bytes callocated for INTG *cta_nfv_arr4 at 0x2d8cdd0
100 words of size 4 bytes callocated for INTG *cta_nfv_arr5 at 0x2d8cf70
100 words of size 4 bytes callocated for INTG *cta_nfv_arr6 at 0x2d8d110
100 words of size 4 bytes callocated for INTG *cta_nfv2_arr1 at 0x2d8d2b0
100 words of size 4 bytes callocated for INTG *cta_nfv2_arr2 at 0x2d8d450
100 words of size 4 bytes callocated for INTG *cta_nfv2_arr3 at 0x2d8d5f0
100 words of size 4 bytes callocated for INTG *cta_nfv2_arr4 at 0x2d8d790
100 words of size 4 bytes callocated for INTG *cta_nfv2_arr5 at 0x2d8d930
100 words of size 4 bytes callocated for INTG *cta_nfv2_arr6 at 0x2d8dad0
100 words of size 4 bytes callocated for INTG *cta_bva_arr1 at 0x2d8dc70
100 words of size 4 bytes callocated for INTG *cta_bva_arr2 at 0x2d8de10
100 words of size 4 bytes callocated for INTG *cta_cva_arr1 at 0x2d8dfb0
100 words of size 4 bytes callocated for INTG *cta_cva_arr2 at 0x2d8e150
##################FlexLM_License_Checkout_Begin##################
Checked out Feature "MCFD_TOOL" (count=1)
-------------------------------------------------------
Feature "MCFD_TOOL":
Version Limit = 21.9
Expiry Date = 30-apr-2023
Total Number of Licenses = 20
Number of Licenses reserved in this run = 1
Server Name = L00300C002531
Server Port#= 1650
Daemon Name = METACOMP
-------------------------------------------------------
###################FlexLM_License_Checkout_End###################
##################FlexLM_License_Checkin_Begin##################
-------------------------------------------------------
Feature "MCFD_TOOL":
Version Limit = 21.9
Expiry Date = 30-apr-2023
Total Number of Licenses= 20
Number of Licenses reserved in this run = 1
Server Name = L00300C002531
Server Port#= 1650
Daemon Name = METACOMP
Feature "MCFD_TOOL" has now been checked back in (count=1)
-------------------------------------------------------
FlexLM License Management Successfully Completed
###################FlexLM_License_Checkin_End###################
885417 words of size 8 bytes callocated for REAL *x at 0x14ea56b8a010
885417 words of size 8 bytes callocated for REAL *x at 0x14ea564c8010
885417 words of size 8 bytes callocated for REAL *x at 0x14ea55e06010
6881280 words of size 4 bytes callocated for INTG *nodesList at 0x14ea543c5010
50048 words of size 4 bytes callocated for INTG *exbcsList at 0x14ea54394010
1000 words of size 4 bytes callocated for INTG *ebcsel at 0x2d98a50
1000 words of size 4 bytes callocated for INTG *nTrias at 0x2d99a00
1000 words of size 4 bytes callocated for INTG *nQuads at 0x2d9a9b0
1000 words of size 4 bytes callocated for INTG *nLines at 0x2d9b960
200192 words of size 4 bytes callocated for INTG *nodesExbcsList at 0x14ea542d0010
16 words of size 4 bytes callocated for INTG *nodesExbcsMarkers at 0x2d954a0
16 words of size 4 bytes callocated for INTG *cellsExbcsMarkers at 0x2d95810
1000 bytes previously allocated for INTG *ebcsel at 0x2d98a50 has been freed
1000 bytes previously allocated for INTG *nTrias at 0x2d99a00 has been freed
1000 bytes previously allocated for INTG *nQuads at 0x2d9a9b0 has been freed
--------------------------------------------------mc_prallo.c begin
Memory allocated using mc_calloc  =       48685 KiloBytes (48 MB)
Memory freed     using mc_free    =          -2 KiloBytes (0 MB)
Memory allocation total (method 1)=       48683 KiloBytes (48 MB)
Memory allocation total (method 2)=       48683 KiloBytes (48 MB)
--------------------------------------------------mc_prallo.c end
885417 bytes previously allocated for REAL *x at 0x14ea56b8a010 has been freed
885417 bytes previously allocated for REAL *y at 0x14ea564c8010 has been freed
885417 bytes previously allocated for REAL *z at 0x14ea55e06010 has been freed
860160 bytes previously allocated for INTG *nodesConnList at 0x14ea543c5010 has been freed
11 bytes previously allocated for INTG *nNodesExbcsMarkers at 0x2d954a0 has been freed
11 bytes previously allocated for INTG *nCellsExbcsMarkers at 0x2d95810 has been freed
154624 bytes previously allocated for INTG *nodesExbcsList at 0x14ea542d0010 has been freed
"CPU" time = 0.571075 seconds
"CLOCK" time = 1 seconds
Timestamp at run-end: (1679568849Es) Thu Mar 23 11:54:09 2023
#################################################
process id = 3750142
my_id=0, my_sz=1
CFD++: Version 19.1, Update 11
Compilation TIMESTAMP: Jan 22 2022 08:37:50
MCFD_LICEXT TIMESTAMP: Sat Jan 22 01:02:19 2022
-------------------------------------------------
Computer hostname is dvvis02
Computer system type is LINUX
#################################################
Current working directory is:
/davinci-1/home/apiccolo_ext/Image/training/trip
#################################################
#################################################
Current shell is:
/bin/bash
#################################################
#################################################
Current Software Version, Update:
CFD++: Version 19.1, Update 11
#################################################
This software is protected by copyright laws
of the United States of America.
This software is subject to SBIR Data Rights clauses
and unauthorized disclosure and distribution is prohibited.
