200 words of size 1 bytes callocated for char *cvals1 at 0x30aa310
400 words of size 1 bytes callocated for char *cvals2 at 0x30ac3f0
200 words of size 1 bytes callocated for char *cvals3 at 0x30ac590
#################################################
process id = 1672413
my_id=0, my_sz=1
CFD++: Version 19.1, Update 11
Compilation TIMESTAMP: Jan 22 2022 08:37:50
MCFD_LICEXT TIMESTAMP: Sat Jan 22 01:02:19 2022
-------------------------------------------------
Computer hostname is dvvis02
Computer system type is LINUX
#################################################
Current working directory is:
/davinci-1/home/apiccolo_ext/Image/training/trip
#################################################
#################################################
Current shell is:
/bin/bash
#################################################
#################################################
Current Software Version, Update:
CFD++: Version 19.1, Update 11
#################################################
This software is protected by copyright laws
of the United States of America.
This software is subject to SBIR Data Rights clauses
and unauthorized disclosure and distribution is prohibited.
Timestamp at run-begin: (1679416892Es) Tue Mar 21 17:41:32 2023
-------------------------------------------------------
Computer system name is defined in sysname.h
-------------------------------------------------------
This is a list of computer-dependent macros:
(for more information see 'sysdep*.h' files)
-----------------------------
Macro Name    Macro expansion
----------    ---------------
Computer      LINUX
INTG          int
UINTG         unsigned int
LONGINTG      long int
INTG8BYTE     long long int
REAL          double
REAL8BYTE     double
MC_OFF_T      long
SEEK_SET      0
MC_STDC       1
CONST         const
SEEK_CUR      1
SEEK_END      2
MCFD_PROCMEM  2G
MCFD_MAXMEM   2G
MCFD_SPROCMEM NULL (undefined)
MCFD_PPROCMEM NULL (undefined)
SINGLECPU_MC  defined
OPENGL_MC     defined
read_imap     2
writ_imap     2
read_ima8     3
writ_ima8     3
read_fmap     3
writ_fmap     3
read_fma4     22
writ_fma4     27
read_fma8     3
writ_fma8     3
-------------------------------------------------------
sizeof(char)      = 1 bytes
sizeof(int)       = 4 bytes
sizeof(long int)  = 8 bytes
sizeof(short int) = 2 bytes
sizeof(long long) = 8 bytes
sizeof(MC_OFF_T)  = 8 bytes
sizeof(float)     = 4 bytes
sizeof(double)    = 8 bytes
sizeof(void *)    = 8 bytes
sizeof(size_t)    = 8 bytes
-------------------------------------------------------
--------------------------------------------------
Allocation information from eqnsmem.c
1192 words of size 4 bytes callocated for INTG *iarr at 0x30ae0c0
1300 words of size 8 bytes callocated for REAL *rarr at 0x30af370
24576 words of size 1 bytes callocated for char *carr at 0x30b1c20
256 words of size 8 bytes callocated for char **eqnsinf[0].eqntit at 0x30ac9f0
256 words of size 8 bytes callocated for char **eqnsinf[0].qprtit at 0x30b7c30
256 words of size 8 bytes callocated for char **eqnsinf[0].ps_qprtit at 0x30b8440
--------------------------------------------------
13 words of size 152 bytes callocated for struct tree *trees at 0x30b8c50
10 words of size 104 bytes callocated for struct xyzsort *xyzsorts at 0x30ad200
100 words of size 4 bytes callocated for INTG *cta_nfa_arr1 at 0x30ad620
100 words of size 4 bytes callocated for INTG *cta_nfa_arr2 at 0x30b9410
100 words of size 4 bytes callocated for INTG *cta_nvx_arr1 at 0x30b95b0
100 words of size 4 bytes callocated for INTG *cta_nvx_arr2 at 0x30b9750
100 words of size 4 bytes callocated for INTG *cta_nfv_arr1 at 0x30b98f0
100 words of size 4 bytes callocated for INTG *cta_nfv_arr2 at 0x30b9a90
100 words of size 4 bytes callocated for INTG *cta_nfv_arr3 at 0x30b9c30
100 words of size 4 bytes callocated for INTG *cta_nfv_arr4 at 0x30b9dd0
100 words of size 4 bytes callocated for INTG *cta_nfv_arr5 at 0x30b9f70
100 words of size 4 bytes callocated for INTG *cta_nfv_arr6 at 0x30ba110
100 words of size 4 bytes callocated for INTG *cta_nfv2_arr1 at 0x30ba2b0
100 words of size 4 bytes callocated for INTG *cta_nfv2_arr2 at 0x30ba450
100 words of size 4 bytes callocated for INTG *cta_nfv2_arr3 at 0x30ba5f0
100 words of size 4 bytes callocated for INTG *cta_nfv2_arr4 at 0x30ba790
100 words of size 4 bytes callocated for INTG *cta_nfv2_arr5 at 0x30ba930
100 words of size 4 bytes callocated for INTG *cta_nfv2_arr6 at 0x30baad0
100 words of size 4 bytes callocated for INTG *cta_bva_arr1 at 0x30bac70
100 words of size 4 bytes callocated for INTG *cta_bva_arr2 at 0x30bae10
100 words of size 4 bytes callocated for INTG *cta_cva_arr1 at 0x30bafb0
100 words of size 4 bytes callocated for INTG *cta_cva_arr2 at 0x30bb150
# -----------------------------------
# Print out of default values
# -----------------------------------
lm_type STANDARD
lm_cells_limit 0
lm_cpus_limit 0
lm_ser2par 0
mpiabort 1
simsoft_name CFD++
mcpusin_fn mcpusin.bin
nodesin_fn nodesin.bin
nodesev_fn nodesev.bin
cellsin_fn cellsin.bin
exbcsin_fn exbcsin.bin
inbcsin_fn inbcsin.bin
zobcsin_fn zobcsin.bin
ovsetin_fn ovsetin.bin
blankin_fn blankin.bin
cgrpsin_fn cgrpsin.bin
fetchin_fn fetchin.bin
cdepsin_fn cdepsin.bin
sdparin_fn sdparin.bin
bdepsin_fn bdepsin.bin
rhvecin_fn rhvecin.bin
eqsetin_fn eqsetin.bin
pltosin_fn pltosin.bin
cdavein_fn cdavein.bin
rsavein_fn rsavein.bin
subcsin_fn subcsin.bin
subnsin_fn subnsin.bin
bcfamin_fn mcfd.bc
acousin_fn acousin.bin
subdmin_fn subdmin.bin
ochemin_fn ochemin.bin
dfcelin_fn dfcelin.bin
dfnodin_fn dfnodin.bin
floif1in_fn mcfd_floint1_in.dat
floif2in_fn mcfd_floint2_in.dat
flxif1in_fn mcfd_flxint1_in.dat
dynif1in_fn mcfd_dynint1_in.dat
mcpusout_fn mcpusout.bin
nodesout_fn nodesout.bin
cellsout_fn cellsout.bin
exbcsout_fn exbcsout.bin
inbcsout_fn inbcsout.bin
zobcsout_fn zobcsout.bin
ovsetout_fn ovsetout.bin
blankout_fn blankout.bin
cgrpsout_fn cgrpsout.bin
fetchout_fn fetchout.bin
cdepsout_fn cdepsout.bin
sdparout_fn sdparout.bin
bdepsout_fn bdepsout.bin
rhvecout_fn rhvecout.bin
cvar1out_fn cvar1out.bin
eqsetout_fn eqsetout.bin
pltosout_fn pltosout.bin
pltfvout_fn pltfvout.bin
pltfvsuf_fn pltfv_
pltesout_fn mcfd_ensightb
pltesoug_fn mcfd_ensightgb
pltes2out_fn mcfd_ensight2b
pltes2oug_fn mcfd_ensight2gb
plttpout_fn mcfd_tec
plttpasc_fn mcfd_tec
pltvtout_fn mcfdVTK
cdaveout_fn cdaveout.bin
rsaveout_fn rsaveout.bin
subcsout_fn subcsout.bin
subnsout_fn subnsout.bin
bcfamout_fn mcfd.bc
acousout_fn acousout.bin
subdmout_fn subdmout.bin
ochemout_fn ochemout.bin
dfcelout_fn dfcelout.bin
dfnodout_fn dfnodout.bin
floif1out_fn mcfd_floint1_out.dat
floif2out_fn mcfd_floint2_out.dat
flxif1out_fn mcfd_flxint1_out.dat
dynif1out_fn mcfd_dynint1_out.dat
iregrd_nodesout 0
pltsuffix_beg 0
ifinbc 0
ibcplt 0
ebcplt 0
invoke_script 0
invoke_scrip2 0
invoke_scrip3 0
invoke_scrip4 0
ochmin 0
pltfil_ovslev 0
pltfil_offset 0
pltfil_allbcf 0
pltfil_ifacap 0
pltfil_vistyp 0
pltfil_xyzmov 0
pltfil_outype 0
pltens_outype 0
pltvtk_outype 0
pltens_speedo 0
hessian_outputs 0
patran_option 0
special_mode1 0
special_mode1_strinfo 0
special_mode1_valinfo 0
special_mode3 0
special_mode3_strinfo 0
special_mode3_valinfo 0
ldpplt 0
infout27_nregrd 0
infout28_nregrd 0
infout30_nregrd 0
morphing_mcpu 0
mcpusin_bufsz 1000000
cellsin_bufsz 1000000
nodesin_bufsz 1000000
exbcsin_bufsz 1000000
cgrpsin_bufsz 1000000
dfcelin_bufsz 1000000
dfnodin_bufsz 1000000
cdepsin_bufsz 1000000
cdeprin_bufsz 1000000
cdgasin_bufsz 1000000
cdepbin_bufsz 1000000
cdensin_bufsz 1000000
cdvisin_bufsz 1000000
cwrkiin_bufsz 1000000
cwrkfin_bufsz 1000000
acousin_bufsz 1000000
pltosout_bufsz 100000
pltfnout_bufsz 100000
pltesout_bufsz 100000
pltfvout_bufsz 100000
plttpout_bufsz 100000
pltvtout_bufsz 100000
cdepsout_bufsz 100000
cdeprout_bufsz 100000
cdgasout_bufsz 100000
cdepbout_bufsz 100000
cdensout_bufsz 100000
cdvisout_bufsz 100000
cdaveout_bufsz 100000
rsaveout_bufsz 100000
dfcelout_bufsz 100000
cwrkiout_bufsz 100000
cwrkfout_bufsz 100000
acousout_bufsz 100000
mpf3dout_bufsz 100000
parsort1_bufsz 100000
parsort2_bufsz 100000
nodcelp_bufsz 1000000
plasbf2_bufsz 1000000
ldpcom1_bufsz 10000
cosim_bubblecol_bufsz 5000
cdepsout_nbaks 0
pltosout_nbaks 0
flointerface1 0
floif1_ntstep 0
floif1_ntexec 0
floif1_script mcfd_floint1.bat
flointerface2 0
floif2_ntstep 0
floif2_ntexec 0
floif2_script mcfd_floint2.bat
flxinterface1 0
flxif1_ntstep 1
flxif1_ntexec 1
flxif1_useudp 1
flxif1_script mcfd_flxint1.bat
dyninterface1 0
dynif1_ntstep 0
dynif1_ntexec 0
dynif1_script mcfd_dynint1.bat
cosim1_bcinfo 0
cosim1_bcfunc 0
cosim2_bcinfo 0
cosim2_bcfunc 0
cosim1_flxinfo 0
cosim1_flxfunc 0
cosim1_rbdinfo 0
cosim1_rbdfunc 0
cosim1_rbdqnqo 0
cosim1_rbdredo_max 50
cosim1_bcqnqo 0
cosim1_bcredo_max 50
cosim_erosion_model 0
cosim_bubblecol_model 0
cosim_bubblecol_ntout 0
cosim_eventindicat_model 0
cosim_fsi 0
cosim_fsiqnqo 0
cosim_fsiredo_max 50
cosim_pde 0
ifusrvr 0
uservar 0
ctype9_noropt 0
ctype9_volopt 0
ctype9_istyp7 0
subdin 0
dfceli 1
dfnodi 0
special_mode2 0
special_mode2_strinfo 0
special_mode2_valinfo 0
special_mode4 0
special_mode5 0
special_mode6 0
special_mode7 0
special_mode8 0
special_mode9 0
ifinov 0
acouin 0
xtrvin 1
xtrvou 1
pbf2in 0
pbf2ou 0
tecver 7
tectyp 0
tecfpt 1
fvwtyp 0
enstyp 0
vtktyp 0
ensight_gold 0
cpu_shift 0
pltvar_titles 1
pltvar_derivs 0
rbdout_grd 0
iregsp_atglobit 0
define_surfaces 0
remove_gspflx 0
comqpn_explic 0
comqpn_implic 0
cofmet_revert 0
ifrbd1_plouop 0
ifrbd1_newres 0
ifrbd1_istart 0
ifrbd1_couple 0
ifrbd1_deltat 0
probes_optfil 0
volume_usenor 0
mixing_planes 0
mcpusin_setup 0
builtin_grid1 0
adapt_option1 0
adapt_option2 0
adapt_option3 0
adapt_option4 0
mcfdinp_tolog 0
mcpusin_pario 0
cellsin_pario 0
nodesin_pario 0
exbcsin_pario 0
cgrpsin_pario 0
dfcelin_pario 0
dfnodin_pario 0
cdepsin_pario 0
ifbased_faces 1
zonalbcp_new 3
nodcelp_new 0
mcpu_stats01_ntout 0
mcpu_stats01_verbo 0
MAX_dfbcfacs_perswp 4194304
MAX_dfbcnods_perswp 4194304
msock_cosimode 0
msock_fsibufsz 1000
process_priority 0
tricircle_mode 1
maxeig_xyzout 1
# -----------------------------------
# Options changed from default values
# -----------------------------------
# -----------------------------------
# Print out of default values
# -----------------------------------
istart 0
ntstep 0
ntstop 0
ntsmin 0
ntrmin 0
delvoff 0
delveps  1.0000000e-05
dtsmoo 0
dtsmoo_iters 6
dtsmoo_param  5.0000000e-01
iftcyc 0
iftcyc_version 0
ltsmoo 3
ltstab 0
ltsdtf  1.3000000e+00
dtmode 0
tcyc_ifreac 0
tcyc_ifrsrc 0
tcyc_ifrmai 0
tcyc_ntdsks 0
tcyc_ntplts 0
tcyc_glo_timestep 0
tcyc_loc_cflramp 0
ifscyc 0
ifscyc_version 0
scyc_dtmode 0
scyc_ifreac 0
scyc_ifrsrc 0
scyc_ifrmai 0
scyc_ntdsks 0
scyc_ntplts 0
scyc_glo_timestep 0
scyc_loc_cflramp 0
runmod 1
dtauin -1.0000000e+00
tauqit -1.0000000e+00
dtlomx  1.0000000e+00
cflbot  1.0000000e-02
cfller  9.8000000e-01
rstcfl 0
ntbclr 0
nteclr 1
cfllbg  1.0000000e+00
cfllen  1.0000000e+00
cflglo  1.0000000e+15
ilcfla 0
igcfla 0
itsync 0
ntbmdr 0
ntemdr 1
mdisbg  0.0000000e+00
mdisen  0.0000000e+00
ntbbfr 0
ntebfr 1
blfnbg  0.0000000e+00
blfnen  0.0000000e+00
cdepsave_compute 0
cdepsave_restart 1
cdepsave_ntsave 0
rstrsave_compute 0
rstrsave_restart 1
cdepxave_restart 1
cdepxave_cdepsin 0
dtaugl -1.0000000e+00
dtaulo -1.0000000e+00
ispeed 1
cflgmn  1.0000000e+00
cflgmx  1.0000000e+00
cflgup  1.0000000e+00
cflgdn  1.0000000e+00
cfllmn  1.0000000e+00
cfllmx  1.0000000e+00
cfllup  1.0000000e+00
cflldn  1.0000000e+00
ilcflr 1
cfllbr  5.0000000e-01
ifacap 0
acaprmp 0
# -----------------------------------
# Options changed from default values
# -----------------------------------
ntstep 200
dtsmoo_iters 4
dtsmoo_param  6.6666670e-01
cflbot  1.0000000e-04
cfller  9.5000000e-01
ntbmdr 100
ntemdr 200
ntbbfr 100
ntebfr 200
blfnen  1.0000000e+00
# -----------------------------------
# Print out of default values
# -----------------------------------
ntdsko 10
ntdsks 0
ntplto 10
ntplts 0
ntplt0 0
ntocho 0
ntochs 0
ntpltt 0
dtpltt  0.0000000e+00
ntdskc 0
ntdskr 0
ntacou 0
ntacos 0
ntout1 0
ntout2 0
ntout3 0
ntout4 0
ntout5 0
ntout6 0
ntout7 0
ntout8 0
ntout9 0
ntout10 0
ntout11 0
ntout12 0
ntout13 0
ntout14 0
ntout15 0
ntout16 0
ntout17 0
ntout18 0
ntout19 0
ntout20 0
ntout21 0
ntout22 0
ntout23 0
ntout24 0
ntout25 0
ntout26 0
ntout27 0
ntout28 0
ntout29 0
ntout30 0
ntout31 0
ntout32 0
ntout33 0
ntout34 0
ntout35 0
ntout36 0
ntout37 0
ntout38 0
ntout39 0
ntout40 0
ntout41 0
ntout42 0
ntout43 0
ntout44 0
ntout45 0
ntout46 0
ntout47 0
ntout48 0
ntout49 0
ntout50 0
ntout51 0
nt6dof1 0
ntoutfv 0
ntsuffv 0
tisuffv 0
dtsuffv  0.0000000e+00
ntoutes 0
ntsufes 0
tisufes 0
dtsufes  0.0000000e+00
ntouttp 0
ntsuftp 0
tisuftp 0
dtsuftp  0.0000000e+00
ntoutvt 0
ntsufvt 0
tisufvt 0
dtsufvt  0.0000000e+00
ntoptrb 0
ntsptrb 0
ntromo1 0
bcsptrb 0
ranptrb 0
optptrb 0
ntsyst 0
ntpltc 0
ntprto 0
ntrhav 0
ntstmp 0
ntmxrh 0
ntcv1o 0
ntcv1s 0
mpidri 0
mcpuse 0
mcgrps 0
nodebg 0
inbczb 0
autozb 0
autoub 0
slidzb 0
arcozb 0
inbcsl 0
inbcsl_inf 0
osetyp 0
ordrnk 0
ordcut 0
ordcub 1
ordaut 0
ordaut_mode 0
osetdb 0
osetbr 0
osetbc 0
osetbz 0
osetll 0
osetlc 0
osetzo 0
osetsl 0
osetir 0
osnocn 1
osnosg 1
osneib 2
osetfn 0
osbldb 0
osetdc 0
osetbx 0
osfill 0
osauto 0
blnkdb 0
zobcdb 0
zobcty 0
zocomo 1
zocosh  5.0000000e-01
iregrd 0
iregrd_delay 0
iregrd_final 0
iregrd_mod1 0
iredis 0
iregrq 1
ifdqdt 0
irezon 0
reblnk 0
igrvs1 0
igrvr1 0
igrvs2 0
igrvs3 0
igrvs4 0
igrvs5 0
igrvs6 0
igrvs7 0
igrvs8 0
igrvs9 0
igrvs10 0
igrvs11 0
igrvs12 0
igrvs13 0
igrvs14 0
igrvs15 0
igrvs16 0
igrvs17 0
igrvs18 0
igrvs19 0
igrvs20 0
igrvs21 0
igrvs22 0
igrvs23 0
igrvs24 0
igrvs25 0
igrvs26 0
igrvs27 0
igrvs27_delay 0
igrvs27_final 0
igrvs28 0
igrvs29 0
igrvs29_delay 0
igrvs29_final 0
igrvs30 0
igrvs31 0
igrvs32 0
igrvs33 0
igrvs34 0
ifrbd1 0
ifrbd2 0
ifrbd3 0
ifrbd4 0
ifrbd5 0
viscos 1
vibnew 1
ifmdis 0
mdislh  2.5000000e-01
disson  0.0000000e+00
ifmdps 0
mdisps  2.5000000e-01
ifmdds 0
mdpscf  3.0000000e-01
mdpsmx  1.0000000e+00
ifmdcb 0
mdcbfr  2.5000000e-01
ifpbrp 1
ifpbrp_pow  5.0000000e-01
ifpbcf 0
xyzpol xyz
ispcac 2
inviac 0
viscac 0
iblend 0
iblenz 0
blenzf  5.0000000e-01
bzonac 2
bzoncd 0
sewzon 0
sewcut 0
sewmov 0
celpol 1
nodnei 1
viscrs 0
vcropt 1
celpoj 0
limfac 1
rhsopt 1
rhsink 0
tolpol  1.0000000e-13
limtvd 2
tvdcmp  2.0000000e+00
tvdphi  3.3333333e-01
tvdrd1 1
tvdrd2 0
tvdrd3 1
tvdnod 0
tvdxyz 0
ifdbdt 0
tvdmod 0
chkvol 1
tolvol  1.0000000e-20
grqua1 0
grqua2 0
grqua3 0
grqua8 0
gq1dis  1.0000000e-01
gq2ang  2.0000000e+00
gq3dis  1.0000000e-01
gq6dis  1.0000000e-01
gq6ang  4.0000000e+01
gq6ord 0
ifnwds 0
nwdsfc  4.0000000e-01
rtcord  4.0000000e+00
convo1 0
convo2 0
convo3 0
convo4 0
convo4_floor  1.0000000e-10
simstr 1
dultim 0
glitrc  1.0000000e-01
gloits 1
precor 0
pcinfo 0
pc_method 0
pc_undrlx  3.7500000e-01
mbltim 0
mblfac  1.0000000e-01
mblglt 1
method 2
explic 1
ifvnum 0
itimac 2
impave 0
ifunlx 1
implic 1
impits 16
impexp 0
stojac 1
mg_mpio 1
fg_mpfb 0
mg_mpfb 0
mg_itns 1
mg_levs 20
mg_mxcg 1048576
mg_cycl 6
mg_resc  5.0000000e-01
mg_terc  1.0000000e-01
mg_floc  1.0000000e-10
fg_resc  5.0000000e-01
fg_terc  1.0000000e-01
fg_floc  1.0000000e-10
mg_meth 1
mg_type 1
mg_waug 0
mg_vers 0
mg_aggl 0
mg_step 5
mg_alow 1
mg_stag 10
mg_ifdo 1
mg_gmin 4
mg_gmax 4
mg_skip 0
mg_cinv  1.0000000e+00
mg_cvis  0.0000000e+00
fg_dobc 1
mg_mplv 0
mg_noso 0
mg_mcpu 1
cg_levs 0
mg_dxon 0
cg_dxon 0
cg_exct 0
mr_meth 0
mr_plot 0
mr_slim 0
celord 1
celobr 0
subdomain_mode 0
comqcn 7
comqpn 7
comqeb 3
comfeb 1
comptr 5
commg1 2
commg2 7
comtyp 0
memopt1 0
memopt2 0
memopt3 0
memopt4 0
memopt5 0
memopt6 0
memopt7 0
memopt8 0
memopt9 0
ignorp 0
fechdb 0
dfunbr 0
dfunfn 0
finfuz 0
ig6dof1 0
ig6dof2 0
irevol 0
irenor 0
undqdt  7.5000000e-01
cofacf 0
knmatb 0
rieflx 1
riejac 2
remapq 0
visflx 1
visjac 1
chkpol 0
bconac 2
iznstb 0
iznflx 1
ipbskw 0
ipbnew 0
ipbcor 0
pbupwd  1.0000000e+00
tolnod  1.0000000e-14
nodpol 0
nodplo 0
nodmeq 0
facnei 0
mindis  0.0000000e+00
ifloor 0
fitcen 1
# -----------------------------------
# Options changed from default values
# -----------------------------------
ntdsko 100
ntplto 200
ntout1 1
nt6dof1 1
disson  1.0000000e-01
mdisps  5.0000000e-02
sewzon 1
cenpol 1
limfac 0
limtvd 1
tvdphi  3.3333000e-01
rtcord  5.0000000e+00
geomopt1 0
mg_cycl 4
mg_meth 2
mg_type 2
mg_vers 1
mg_aggl 1
mg_stag 1
mg_cvis  5.0778980e-08
# -----------------------------------
# Options changed from input values
# -----------------------------------
zocomo 0
0 words of size 4 bytes null-allocated for INTG *inftype
0 words of size 4 bytes null-allocated for INTG *infvloc
0 words of size 4 bytes null-allocated for INTG *infvlen
0 words of size 4 bytes null-allocated for INTG *inftloc
0 words of size 4 bytes null-allocated for INTG *inftlen
0 words of size 4 bytes null-allocated for INTG *infsloc
0 words of size 4 bytes null-allocated for INTG *infslen
100 words of size 8 bytes callocated for REAL *infvals at 0x30bd300
100 words of size 240 bytes callocated for char *infvsts at 0x30bd630
100 words of size 8 bytes callocated for char **infvstp at 0x30c3400
1000 words of size 1 bytes callocated for char *inftags at 0x30c3730
100 words of size 240 bytes callocated for char *infstrs at 0x30c3b20
100 words of size 8 bytes callocated for char **infstrp at 0x30c98f0
12 words of size 3904 bytes callocated for struct bcslct *bcsel at 0x30c9c20
User-defined bc-sequence-number remap from checkbc.c, line 109
6 words of size 4 bytes callocated for INTG *rn_bcs at 0x30ad7c0
# -----------------------------------
# Print out of default values
# -----------------------------------
toldup  1.0000000e-08
tolins  1.0000000e-06
toldfn  1.0000000e-06
tolzco  1.0000000e-06
tolins_cut  1.0000000e-11
toldfn_cut  1.0000000e-11
typzco 2
typzco_factor  1.0000000e-01
trxdir 1
trydir 1
trzdir 1
kdtree 0
atcel1 0
dfcmax  1.0000000e+00
dfnmax  1.0000000e+32
mixplint 100
integ_nsub 4
# -----------------------------------
# Options changed from default values
# -----------------------------------
# -----------------------------------
# Options changed from input values
# -----------------------------------
# -----------------------------------
# Print out of default values
# -----------------------------------
meq_eqsets 0
meq_eqsgrp 0
meq_icslct 0
meq_inityp 0
cht_convec 0
cht_matprp 0
cmpsld 0
chtbcm 1
absour 0
absour_selftune 0
cldriver 0
udp_cldriver 0
vel_cldriver 0
alfbet_swp 0
machno_swp 0
iceaccrt 0
icecfdpp 0
iceaccrt_cfdpp 0
iceaccrt_lewice 0
rotor_model1 0
rotor_model1_version 0
rotor_modif1 0
rotor_modif2 0
rotor_motrm1 0
rotor_modop1 0
rotor_mowml1 0
rotor_auiop1 0
rotmod1_bcvers 1
anchor_pressure 0
plasma_bofo1 0
plasma_bofo2 0
plasma_bofo3 0
node_mdpcel 1
itns_mdpcel 4
moddif 0
moddif_type 2
icsrot 0
prerot 0
preacc_opt 0
preacc_dti  5.0000000e-02
pretau 0
pretyp 0
ipreof 20
prebet  5.0000000e-02
previs  5.0000000e-02
prevel  1.0000000e-06
prevlo  1.0000000e-03
pfloor  0.0000000e+00
gasnam undefined
gasgam  1.4000000e+00
gasmwt  1.0000000e+00
advcon  1.0000000e+00
difcon  1.0000000e+00
ed_con  1.0000000e+00
ed_cap  0.0000000e+00
ed_pln 0
iunits 0
lenuni m
masuni kg
temuni K
timuni s
grduni other
inityp 0
qcvrti 0
qcvrto 0
ifrpow 0
ifrnue 0
iftflm 0
ifedcm 0
ifrrrr 1
ifreac 0
ifrebx 0
frcstp 0
frcstp_iter 1
frctin 1
frcuserc 0
frcuserf 0
frcreiisat 0
frcnumjaco 0
frcdeljaco  1.0000000e-02
iftmlx 0
temulx  2.0000000e-01
frcint 1
smrtin 20
frclim 0
frclif  5.0000000e-02
frccfl 1
frccfl_old 0
pm4new 0
ifdlut 0
ifdhin 1
ifdhdt 0
sensih 0
ceosdn 1
ceosts  1.0000000e-01
ceospg 0
ceosmx 0
ceosgm 0
ceoslm 0
ceosrm 0
ceospclip 0
ifcubp 1
extfrc  1.0000000e+00
ifscon 1
ifecon 1
ifedif 0
iftrds 0
ifrsrc 0
ifrsrc_ntstep 0
ifrsrc_ntsbeg 0
ifrsrc_ntsend 0
ifvols 0
volsadd 0
ifvolc 0
ifvolg 0
ifvolg_mod1 0
ifvolg_mod2 0
ifdamp 0
ifvelp 0
ifrmai 0
vortex_pnt2d 0
vortex_pnt3d 0
vortex_source_version 0
vortex_generator 0
frcxmn  0.0000000e+00
frcxmx  0.0000000e+00
frcymn  0.0000000e+00
frcymx  0.0000000e+00
frczmn  0.0000000e+00
frczmx  0.0000000e+00
frsrcu  0.0000000e+00
frsrcl  1.0000000e+00
frsrct  1.0000000e+00
frsrcm  1.0000000e+00
istiff 0
sureac 0
surspe 0
surmap 0
toltem  1.0000000e-05
tolfrc  1.0000000e-05
flmtyp 0
flmvar 1
flmneq 0
flmlet_numeqns 0
tnoneq_numeqns 0
tnoneq_edsc1  3.0000000e-01
tnoneq_idsc1  2.5000000e-01
tnoneq_omdotd 0
tnoneq_ifbdifele 0
tnoneq_ifbdifion 1
tnoneq_ifkrotgy 2
tnoneq_ifbdmol 0
tnoneq_ccsdplr 0
ifbdif 0
edp_yesno 0
edp_model 0
edp1_nspe 13
edp1_indx 0
edp1_dia1  1.0000000e-05
edp1_dens  4.0000000e+03
edp1_effb  1.0000000e+00
ulxedp  6.7000000e-01
edp_reftyp 0
ifedpcos 3
ifedptim 0
edp_mfaceps  1.0000000e-08
edp_nfaceps  1.0000000e-08
edp_tiny  1.0000000e-07
edp_volfrac  9.9000000e-01
edp_termli 0
edp_termpg 0
edp_termvm 0
edp_termtd 0
edp_tdlimt 1
edp_lilimt 1
edp_termms 0
edp_termlf 0
edp_vmtype 0
edp_coefvm  5.0000000e-01
edp_coefcl  5.0000000e-01
edp_ifbuoy 0
edp_gravtx  0.0000000e+00
edp_gravty  0.0000000e+00
edp_gravtz  0.0000000e+00
edp_gasvis  1.8000000e-05
edp_conden 0
edp_turco  1.0000000e+00
edp_centf 0
edp_crsflo 0
edp_icelan 0
edp_uvwtsol 0
edp_vmlimt 0
edpndiff  1.2500000e-01
edp_enermod 1
ldp_yesno 0
ldp_nspec 0
ldp_istart 0
ldp_uncoup 0
ldp_ifbuoy 0
ldp_gravtx  0.0000000e+00
ldp_gravty  0.0000000e+00
ldp_gravtz  0.0000000e+00
ldp_termms 0
ldp_taustp  1.0000000e-05
ldp_crsflo 0
mix_yesno 0
mix_numeqns 0
mix_neqspec 1
mix_cavit 0
mix_evcon 0
mix_udmsour 0
mix_rhotyp 0
mix_tref  2.7300000e+02
mix_compthrsh  7.5000000e-01
mix_nfaceps  1.0000000e-06
mix_mfaceps  1.0000000e-06
mix_udrfpol 1
mix_ifudlim 0
mix_evcon_version 1
mix_diameter 1
mix_turbdiff 0
eul_yesno 0
eul_numspcs 0
ifvoft 0
ifvofi 0
ifvofs 0
ifvfac 0
ifvfts 0
vofcfl  5.0000000e-01
voftsp  5.0000000e-03
itns_stnvof 2
ifsrtn 0
ifesad 0
sourc1 0
sourc2 0
ifaxix 0
ifaxiy 0
ifaxiz 0
ifuzro 0
ifvzro 0
ifwzro 0
ifaxst 0
ifaxsw 0
ifswrl 0
swrxmn  0.0000000e+00
swrxmx  0.0000000e+00
swrymn  0.0000000e+00
swrymx  0.0000000e+00
swrzmn  0.0000000e+00
swrzmx  0.0000000e+00
swreta  0.0000000e+00
ifbdsn 0
ifbdln 0
ifbdgn 0
quas1d 0
pde_pp 0
ifblck 0
blkxmn  0.0000000e+00
blkxmx  0.0000000e+00
blkymn  0.0000000e+00
blkymx  0.0000000e+00
blkzmn  0.0000000e+00
blkzmx  0.0000000e+00
ipbulk 0
ipbcel 0
bulkpr  0.0000000e+00
irbulk 0
bulkro  0.0000000e+00
bulktm  1.0000000e+00
presab  0.0000000e+00
flxpng 0
flxpng_pres  0.0000000e+00
flxedp 0
presmx  1.0000000e+20
presmn -1.0000000e+20
ifplwr 0
plower  1.0000000e-13
rlxtmn  5.0000000e-08
rlxcor 0
rlxtyp 1
rlxaes 0
rlxcrs 1
rlxcrs_sigmav  1.0000000e-21
tempmn -1.0000000e+00
tempmx  1.0000000e+20
doublet_pnt2d 0
doublet_pnt3d 0
doublet_pnt3d_file 0
doublet_tav2d 0
doublet_tav3d 0
doublet_tav3d_file 0
doublet_ss 0
univgc  8.3140000e+03
refmwt  2.8950000e+01
reflen  1.0000000e+00
reftem  2.8800000e+02
refden  1.2250000e+00
refvel -1.0000000e+00
refpre  1.0132500e+05
refpgf  1.0132500e+05
ifbuoy 0
gravtx  0.0000000e+00
gravty  0.0000000e+00
gravtz  0.0000000e+00
grvcnx  0.0000000e+00
grvcny  0.0000000e+00
grvcnz  0.0000000e+00
grvbet -3.0000000e-03
liqgas 0
vislaw 0
visnnew 0
udp_remapq 0
udp_rhsadds 0
udp_density 0
udp_energet 0
udp_csmin  1.0000000e+00
udp_spcheat 0
udp_viscos 0
udp_thcond 0
udp_cdepsic 0
refmuu  1.7980000e-05
refkap  2.5150000e-02
prlatu  9.0000000e-01
iftrpr 0
turbpr  9.0000000e-01
schmla  1.0000000e+00
schmtu  1.0000000e+00
rmuusl  1.7160000e-05
tmuusl  2.7311000e+02
smuusl  1.1100000e+02
rkapsl  2.4100000e-02
tkapsl  2.7311000e+02
skapsl  1.9400000e+02
liqtlo  0.0000000e+00
liqtup  5.0000000e+03
yppfac  1.0000000e+00
ifporo 0
porint 3
porjac  3.3000000e-01
ifpmut 0
isporo 0
arporo 0
ifcjht 0
ifnlas 0
ls_numeqns 0
ps_options 0
vof_method 0
vof_numeqns 0
ifccon 1
ifczro 1
ifcone 1
ntrbst 1
iftold 0
smagcf  5.0000000e-02
lnstyp 3
lnsdtm 1
lnsbox 0
iflest 0
lest_ecorr 1
mnfltr  0.0000000e+00
sync_alpha 1
nlas_allscales 0
rfg_sample_modes 100
mulnyq 4
ininls 0
rfg_rseed 1234567
ifvspt 1
ifccmu 0
ifmuon 0
ifkndf 0
ifsret 0
ifvsct 0
ifvprt 0
ifdpds 0
ifwfne 1
ifwfnw 1
ifwfwl 1
ifwfol 1
ifwfbc 3
ifwfkn 1
ifwfmx 0
ifbsst 0
ifruff 1
ifrufs 0
ifcomp 1
ifweak 0
ifmccw 1
ifbaro 0
ifacoe 0
ifskar 0
ifpope 0
sa_qcr 0
ifcurv 0
ifcurv_salim 0
ifhbpk 0
ifhnmp 1
ifhwbc 0
ifsalm 0
ifbrad 0
ifpklm 0
iflmcfi 0
lmcfisr  2.5000000e-07
lmcfigl  1.0000000e+00
lmuinf  1.0000000e+00
lmlfsu 0
iftrmu 0
iftran 0
iftrap 0
iftrap_xref  0.0000000e+00
iftrap_yref  0.0000000e+00
iftrap_zref  0.0000000e+00
iftrap_uinf  1.0000000e+00
iftrat 0
iftrfs 0
ifmbsl 0
iftcon 1
trurlx  1.0000000e+00
kmxval  1.0000000e+20
tmnval  1.0000000e-12
maxmut  1.0000000e+10
turlim  1.0000000e+02
turtvd 0
turxyz 0
cgtsof 0
turxmn  0.0000000e+00
turxmx  0.0000000e+00
turymn  0.0000000e+00
turymx  0.0000000e+00
turzmn  0.0000000e+00
turzmx  0.0000000e+00
atm_blayer 0
atm_blayer_Type 0
atm_blayer_vel_type 0
atm_blayer_vel  4.0000000e-01
atm_blayer_Z0  1.0000000e-02
atm_blayer_Zmin  0.0000000e+00
atm_blayer_Zmax  5.0000000e+02
iftovr 0
sa_cb1  1.3550000e-01
sa_sig  6.6666670e-01
sa_cb2  6.2200000e-01
sa_kap  4.1000000e-01
sa_cw1  3.2391000e+00
sa_cw2  3.0000000e-01
sa_cw3  2.0000000e+00
sa_cv1  7.1000000e+00
sa_ct3  1.1000000e+00
sa_ct4  2.0000000e+00
sa_cr1  1.0000000e+00
sa_cr2  1.2000000e+01
sa_cr3  1.0000000e+00
sa_ccr1  3.0000000e-01
sa_ccr2  2.5000000e+00
sst_a1  3.1000000e-01
sig71ct  2.3500000e-01
rke_cmu  9.0000000e-02
rke_sigk  1.0000000e+00
rke_sige  1.3000000e+00
rke_kap  4.1000000e-01
rke_ce1  1.4400000e+00
rke_ce2  1.9200000e+00
hll_gm1  5.1800000e-01
hll_gm2  4.4000000e-01
hll_bt1  7.4700000e-02
hll_bt2  8.2800000e-02
hll_sk1  1.1000000e+00
hll_sk2  1.1000000e+00
hll_so1  5.3000000e-01
hll_so2  1.0000000e+00
hll_sd1  1.0000000e+00
hll_sd2  4.0000000e-01
hll_g3f  2.0000000e+01
hll_neq  4.0500000e+00
hll_cdf  2.2000000e+00
hll_bst  9.0000000e-02
hll_a0 -7.2000000e-01
burst_model 1
burst_time  1.0000000e-02
burst_length  1.0000000e-01
burst_ecorr 0
incomp 0
cpinc  1.0000000e+00
cdensa  1.0000000e+00
cdensb  0.0000000e+00
cdensc  0.0000000e+00
cdensd  0.0000000e+00
ispsnd  1.0000000e+03
ispsnp 0
shaper 0
ifscon_ntstart 20
ifecon_ntstart 20
ifccon_ntstart 20
iftcon_ntstart 20
axstfc  1.0000000e+00
ifconj 1
ifrnew 0
ifrold 1
smrtdt  2.0000000e-10
presgrad1 0
frclfc  1.0000000e-01
ifdpdt 1
ifrlzm 0
rlzmul  3.1000000e-01
ifqdot 1
rstpui 1
rstmyap 1
roughs  9.9000000e-01
tunrlx  1.0000000e+00
frsurf 0
surten  0.0000000e+00
ispres 1
cdenpa  1.0000000e+00
cdenpb  0.0000000e+00
cdenpc  0.0000000e+00
advcog 0
difcog 0
ifrsrg 0
ifavbd 0
ifedfl 1
ifedpcon 0
ifedpcon_ntstart 300
ifedpsbl 1
ifsubd 0
mhd_yesno 0
mhd_model 0
mhd_magperm  1.0000000e+00
mhd_elecond  1.0000000e+00
mhd_ext_magtype 0
mhd_ext_magfiel 0
mhd_ext_magdcac 0
mhd_ext_magfreq  0.0000000e+00
mhd_ext_magscal  1.0000000e+00
prealf  1.0000000e+00
pregam  0.0000000e+00
predel  1.1000000e+00
prevtp  0.0000000e+00
# -----------------------------------
# Options changed from default values
# -----------------------------------
absour_selftune 1
pretyp 1
gasnam Air
frctin 2
swreta  5.0000000e-01
bulktm  2.8800000e+02
grvbet  3.0000000e-03
refmuu  1.7890000e-05
prlatu  8.0000000e-01
schmla  7.0000000e-01
schmtu  7.0000000e-01
ntrbst 11
ifvspt 0
ifwfol 0
gaszee = 1.00000 /* computed */
refzee = 0.0345423 /* computed */
reftim = 0.00347704 /* computed */
esscal = 0.999939 /* computed */
dhscal = 28.9482 /* computed */
cpscal = 287.202 /* computed */
refmas = 1.22500 /* computed */
refacc = 82714.3 /* computed */
reffor = 101325. /* computed */
refmom = 101325. /* computed */
refmoi = 1.22500 /* computed */
refmaf = 352.311 /* computed */
refmof = 101325. /* computed */
refenf = 2.91412e+07 /* computed */
refhtr = 2.91412e+07 /* computed */
reynol = 1.96932e+07 /* computed */
ggm1pr = 4.89485 /* computed */
cpinc  = 0.00348187 /* nondimensionalized */
# -----------------------------------
# Options changed from input values
# -----------------------------------
refvel  2.8760091e+02
cpinc  3.4818653e-03
# -----------------------------------
# Print out of default values
# -----------------------------------
u_req_1 0
u_req_2 0
u_req_3 0
u_req_4 0
u_req_5 0
u_req_6 0
u_req_7 0
u_req_8 0
u_req_9 0
u_req_10 0
infout1_opt 0
infout2_inf 0
infout3_inf 0
infout4_inf 0
infout5_inf 0
infout6_inf 0
infout7_inf 0
infout8_inf 0
infout9_inf 0
infout10_inf 0
infout11_inf 0
infout12_inf 0
infout13_inf 0
infout14_inf 0
infout15_inf 0
infout16_inf 0
infout17_inf 0
infout18_inf 0
infout19_inf 0
infout20_inf 0
infout21_inf 0
infout21_pac 0
infout22_inf 0
infout23_inf 0
infout24_inf 0
infout25_inf 0
infout26_inf 0
infout27_inf 0
infout28_inf 0
infout29_inf 0
infout29_opt 0
infout30_inf 0
infout31_inf 0
infout32_inf 0
infout33_inf 0
infout34_inf 0
infout35_inf 0
infout36_inf 0
infout37_inf 0
infout38_inf 0
infout39_inf 0
infout40_inf 0
infout41_inf 0
# -----------------------------------
# Options changed from default values
# -----------------------------------
# -----------------------------------
# Print out of default values
# -----------------------------------
grdqual_dbg 0
zobcsin_dbg 0
gspcgrf1_dbg 3
cdepsinp_dbg 0
cdepsout_dbg 0
rhvecout_dbg 0
acousout_dbg 0
ochemout_dbg 0
cellpols_dbg 0
cellcols_dbg 0
nodepols_dbg 0
nodepolp_dbg 0
nodepolj_dbg 0
nodjpolp_dbg 0
nodjpolq_dbg 0
nodjpolr_dbg 0
nodjpols_dbg 0
facepols_dbg 0
trhs11_dbg 0
trhs12_dbg 0
trhs13_dbg 0
trhs21_dbg 0
trhs22_dbg 0
trhs31_dbg 0
trhs32_dbg 0
treebld1_dbg 0
treebld2_dbg 0
treebld3_dbg 0
treebld4_dbg 0
treebld5_dbg 0
treebld6_dbg 0
treebld7_dbg 0
treebld8_dbg 0
treebld9_dbg 0
treebld10_dbg 0
treebld11_dbg 0
treebld12_dbg 0
treebld13_dbg 0
treebld14_dbg 0
treebld15_dbg 0
trbldclks_dbg 0
trlfcels_dbg 0
trlfcfas_dbg 0
trlfbfas_dbg 0
trlfofas_dbg 0
trlfzfas_dbg 0
trlfdfas_dbg 0
trlflast_dbg 0
trlfclks_dbg 0
trincell_dbg 0
tratcell_dbg 0
trprobfa_dbg 0
trproofa_dbg 0
trprozfa_dbg 0
trprozfb_dbg 0
trprozfc_dbg 0
trprozfd_dbg 0
zonalbcs_dbg 0
zonalbcp_dbg 0
zocosymm_dbg 0
zocosymn_dbg 0
zoco1to1_dbg 0
conlens_dbg 0
blnkcels_dbg 0
oversets_dbg 0
cellord1_dbg 0
cellord2_dbg 0
cellord3_dbg 0
cellord4_dbg 0
cellord5_dbg 0
cellord6_dbg 0
cellord7_dbg 0
cellord8_dbg 0
cellord9_dbg 0
celayer1_dbg 0
celayer2_dbg 0
volumes_dbg 0
dscells_dbg 0
volfun9_dbg 0
norfun9_dbg 0
rhs1_dbg 0
rhs2_dbg 0
rhs3_dbg 0
rhs4_dbg 0
rhs5_dbg 0
rhs6_dbg 0
rhs7_dbg 0
rhs8_dbg 0
rhs9_dbg 0
rhsb_dbg 0
rhsc_dbg 0
rhszm_dbg 0
rhszm_alleq 0
explic1_dbg 0
explic2_dbg 0
explic3_dbg 0
explic4_dbg 0
explic5_dbg 0
explic6_dbg 0
explic7_dbg 0
explic8_dbg 0
explic9_dbg 0
implic1_dbg 0
implic2_dbg 0
implic3_dbg 0
implic4_dbg 0
implic5_dbg 0
implic6_dbg 0
implic7_dbg 0
implic8_dbg 0
implic9_dbg 0
implic10_dbg 0
implic11_dbg 0
implic12_dbg 0
implic13_dbg 0
implic14_dbg 0
implic15_dbg 0
mgsetup_dbg 0
jacstor_dbg 0
movnodes_dbg 0
movnodez_dbg 0
osetqset_dbg 0
reblank1_dbg 0
gasprop_dbg 0
specieq_dbg 0
decodeq_dbg 0
recodeq_dbg 0
b0111in_dbg 0
b0112in_dbg 0
b0113in_dbg 0
b0115in_dbg 0
gsp6dof1_dbg 0
rbd6dof_inps_dbg 0
rbd6dof_calc_dbg 0
rbd6dof_cos2_dbg 0
rbd6dof_inps_res 0
rbd6dof_calc_gsp 0
dat1din_dbg 0
dat1dinp_dbg 0
dat1dins_dbg 0
dat2dinp1_dbg 0
edp1_dbg1 0
edp1_dbg2 0
edp1_dbg3 0
edp1_dbg4 0
rotmod1_dbg 0
nodneibp_dbg 0
nodneibp_old 0
oversetp_old 0
stepsout_dbg 1
parsort2_dbg 0
acapout_opt 2
acapout_siz 10000
rotmod1_plo 0
rotmod1_psz 10000
cellcellconnect_no 0
sewzon_dbg1 0
sewzon_dbg2 -1
sewzon_dbg3 -1
sewzon_dbg4 -1
sewzon_dbg5 -1
sewzon_dbg_val1  5.0000000e-02
sewzon_dbg_val2  0.0000000e+00
sewzon_dbg_val3  1.0000000e-16
sewzon_dbg_val4  1.0000000e-10
sewzon_cutdbg1 0
sewzon_cutdbg2 0
sewzon_cutdbg3 0
sewzon_cutdbg4 0
sewzon_cutdbg5 0
sewzon_stldbg1 0
movnodez_cellfill 0
movnodez_celneibs 0
rhs_cc_dxyzdt 1
cellfill_chkvol 0
cellfill_dbg 0
atm_blayer_yplus_dbg 0
gloelem_dbg 0
linterp2_dbg 0
linterp2_off 0
linterp1_opt 0
linterp2_opt 1
linterp3_opt 2
linterpu_opt 2
plasbf2_dbg1 0
plasbf2_dbg2 0
connzf2zf_dbg1 0
connzf2zf_dbg2 0
connzf2zf_dbg3 0
connzf2zf_dbg4 0
connzf2zf_dbg5 0
connzf2zf_dbg6 0
faces_of_cutcells_dbg1 0
polyface_polytria_dbg1 0
polyface_dbg1 0
polyface_dbg2 0
msockfsi1_dbg1 0
msockfsi2_dbg1 0
rbfiter_verbos 0
dontstop_udp1 0
dontstop_udp2 0
bcdesc_dbg 0
osvis_dbg 0
comqcn_dbg 0
comqpn_dbg 0
comqeb_dbg 0
comfeb_dbg 0
ps_comqcn_dbg 0
ls_comqcn_dbg 0
mcpu_dbg1 0
mcpu_dbg2 0
mcpu_dbg3 0
mcpu_dbg4 0
mcpu_dbg5 0
mcpu_dbg6 0
mcpu_dbg7 0
mcpu_dbg8 0
mcpu_dbg9 0
facnor_itries 20
facnor_conver  1.0000000e-07
celvol_itries 10
celvol_conver  1.0000000e-07
RBF_tol_ser  1.0000000e-05
RBF_tol_par  1.0000000e-05
RBF_tol_dup  1.0000000e-06
RBF_nearnod 0
volneg_opt 0
arbaxis_eps  1.0000000e-09
rotmod1_eps1  1.0000000e-03
rotmod1_eps2  1.0000000e-03
nobarr_cdepsoup1 0
nobarr_cdeproup1 0
nobarr_pltosoup1 0
# -----------------------------------
# Options changed from default values
# -----------------------------------
# -----------------------------------
# Print out of default values
# -----------------------------------
turbi_lev 1
turbi_len 1
turbi_mutmu  5.0000000e+01
turbi_jet 0
turbi_int 1
turbi_tlev  5.0000000e-02
turbi_tlen  1.0000000e-02
turbi_tfrs  1.0000000e-04
turbi_yp  1.0000000e+00
turbi_replen  1.0000000e+00
auto_pres  1.0132500e+05
auto_temp  2.8800000e+02
auto_u  3.0000000e+01
auto_v  0.0000000e+00
auto_w  0.0000000e+00
auto_tlvl  2.0000000e-02
auto_tlnl  1.0000000e-02
auto_tl 1
auto_lt 0
auto_eqinf 0
auto_ininf 0
auto_bpinf 0
auto_mutmu  1.0000000e+01
aero_intyp 1
aero_unit 1
aero_pres  1.0132500e+05
aero_temp  2.8800000e+02
aero_deltat  0.0000000e+00
aero_u  3.0000000e+01
aero_v  0.0000000e+00
aero_w  0.0000000e+00
aero_tlvl  1.0000000e-02
aero_tlnl  1.0000000e-03
aero_tl 0
aero_lt 0
aero_eqinf 0
aero_ininf 0
aero_bcinf 0
aero_altid  1.0000000e+01
aero_ma  8.0000000e-01
aero_alpha  0.0000000e+00
aero_beta  0.0000000e+00
aero_plane 0
aero_re  1.0000000e+06
aero_mutmu  1.0000000e+01
incomp_tlvl  5.0000000e-02
incomp_tlnl  1.0000000e-02
incomp_eqinf 0
incomp_ininf 0
incomp_bpinf 0
aui_incomp 1
# -----------------------------------
# Options changed from default values
# -----------------------------------
turbi_tlev  3.0000000e-02
aero_tlvl  2.0000000e-03
aero_tlnl  1.0000000e-01
aero_tl 1
# -----------------------------------
# Options changed from input values
# -----------------------------------
--------------------------------------------------
Allocation information from infochk.c
--------------------------------------------------
User-defined cell-type convert from identct.c, line 46
User-defined equation-set remap from identeq.c, line 210
User-defined equation-set convert from identeq.c, line 272
Scanning for user-defined equations sets from eqbs1_2.c, line 54
Scanning for user-defined equations sets from eqbs3_4.c, line 52
Scanning for user-defined equations sets from eqbs5_6.c, line 50
Scanning for user-defined equations sets from eqbs7_8.c, line 49
Scanning for user-defined equations sets from eqbs101.c, line 48
Scanning for user-defined equations sets from eqbs111.c, line 48
Scanning for user-defined equations sets from eqbs121.c, line 48
Scanning for user-defined equations sets from eqbs131.c, line 49
Scanning for user-defined equations sets from eqbs151.c, line 48
----------------------------------------------------------------------
mx_neq=0
mx_jac=0
------------
--------------------------------------------------
Allocation information from specieq.c
100 words of size 8 bytes callocated for REAL *sp_wm at 0x30d5330
100 words of size 8 bytes callocated for REAL *sp_hf at 0x30d5660
100 words of size 8 bytes callocated for REAL *sp_pc at 0x30d5990
100 words of size 8 bytes callocated for REAL *sp_tc at 0x30d5cc0
100 words of size 8 bytes callocated for REAL *sp_vc at 0x30d5ff0
100 words of size 8 bytes callocated for REAL *sp_ac at 0x30d6320
100 words of size 8 bytes callocated for REAL *sp_cpp at 0x30d6650
100 words of size 8 bytes callocated for REAL *sp_Aev at 0x30d6980
100 words of size 8 bytes callocated for REAL *sp_eds at 0x30d6cb0
100 words of size 8 bytes callocated for REAL *sp_eis at 0x30d6fe0
100 words of size 4 bytes callocated for INTG *sp_typ at 0x30d7310
100 words of size 4 bytes callocated for INTG *sp_ion at 0x30d74b0
100 words of size 4 bytes callocated for INTG *sp_ioN at 0x30d7650
100 words of size 8 bytes callocated for REAL *sp_rmu at 0x30d77f0
100 words of size 8 bytes callocated for REAL *sp_tmu at 0x30d7b20
100 words of size 8 bytes callocated for REAL *sp_smu at 0x30d7e50
100 words of size 8 bytes callocated for REAL *sp_rka at 0x30d8180
100 words of size 8 bytes callocated for REAL *sp_tka at 0x30d84b0
100 words of size 8 bytes callocated for REAL *sp_ska at 0x30d87e0
100 words of size 8 bytes callocated for REAL *sp_cdensa at 0x30d8b10
100 words of size 8 bytes callocated for REAL *sp_cdensb at 0x30d8e40
100 words of size 8 bytes callocated for REAL *sp_cdensc at 0x30d9170
100 words of size 8 bytes callocated for REAL *sp_cdensd at 0x30d94a0
100 words of size 8 bytes callocated for REAL *sp_cpinc at 0x30d97d0
100 words of size 8 bytes callocated for REAL *sp_liqtlo at 0x30d9b00
100 words of size 8 bytes callocated for REAL *sp_liqtup at 0x30d9e30
100 words of size 8 bytes callocated for REAL *sp_sav at 0x30da160
101 words of size 8 bytes callocated for char **sp_nam at 0x30da490
100 words of size 4 bytes callocated for INTG *in_spe at 0x30da7c0
100 words of size 4 bytes callocated for INTG *lg_spe at 0x30da960
100 words of size 1088 bytes callocated for struct specinfo *specinf at 0x30dab00
101 words of size 8 bytes callocated for REAL *sp_tra at 0x30f5410
102 words of size 8 bytes callocated for REAL ***sp_cphfgf at 0x30f5740
101 words of size 1 bytes callocated for char *sp_nam[0-99] at 0x30ad7e0
100 words of size 8 bytes callocated for REAL **sp_cphfgf[0-99] at 0x30f85d0
100 words of size 8 bytes callocated for REAL *sp_cphfgf[0-99][0-99] at 0x30f8900
--------------------------------------------------
User-defined species temperature range info. from specieq.c, line 206
User-defined species information from specieq.c, line 276
 Printout of Dimensional Thermo. Inputs
  Number of temperature ranges = 0
 Printout of NonDimens. Thermo. Inputs
  Number of temperature ranges = 0
#--------------------------------------------------------
#Reactions deduced from "reaction_" lines = 0
#--------------------------------------------------------
--------------------------------------------------
Allocation information from reacteq.c
100 words of size 4 bytes callocated for INTG *in_rea at 0x38d4790
100 words of size 4 bytes callocated for INTG *im_rea at 0x38d4930
100 words of size 4 bytes callocated for INTG *re_fb at 0x38d4ad0
100 words of size 8 bytes callocated for REAL *re_ae at 0x38d4c70
100 words of size 8 bytes callocated for REAL *re_nk at 0x38d4fa0
100 words of size 8 bytes callocated for REAL *re_ak at 0x38d52d0
100 words of size 4 bytes callocated for INTG *re_pres at 0x38d5600
100 words of size 8 bytes callocated for REAL *re_ak_pres at 0x38d57a0
100 words of size 8 bytes callocated for REAL *re_nk_pres at 0x38d5ad0
100 words of size 8 bytes callocated for REAL *re_ae_pres at 0x38d5e00
100 words of size 8 bytes callocated for REAL *re_pk_pres at 0x38d6130
100 words of size 8 bytes callocated for REAL *re_prestyp at 0x38d6460
100 words of size 8 bytes callocated for REAL *re_alpha at 0x38d6790
100 words of size 8 bytes callocated for REAL *re_ts3 at 0x38d6ac0
100 words of size 8 bytes callocated for REAL *re_ts2 at 0x38d6df0
100 words of size 8 bytes callocated for REAL *re_ts1 at 0x38d7120
100 words of size 8 bytes callocated for REAL *re_aa at 0x38d7450
100 words of size 8 bytes callocated for REAL *re_bb at 0x38d7780
100 words of size 8 bytes callocated for REAL *re_cc at 0x38d7ab0
100 words of size 8 bytes callocated for REAL *re_dd at 0x38d7de0
100 words of size 8 bytes callocated for REAL *re_ee at 0x38d8110
100 words of size 4 bytes callocated for INTG *re_flbi at 0x38d8440
100 words of size 4 bytes callocated for INTG *re_trbd at 0x38d85e0
100 words of size 4 bytes callocated for INTG *re_usde at 0x38d8780
100 words of size 8 bytes callocated for REAL *re_te1 at 0x38d8920
100 words of size 8 bytes callocated for REAL *re_te2 at 0x38d8c50
100 words of size 8 bytes callocated for REAL *re_te3 at 0x38d8f80
100 words of size 8 bytes callocated for REAL *re_te4 at 0x38d92b0
100 words of size 8 bytes callocated for REAL *re_pk at 0x38d95e0
100 words of size 8 bytes callocated for REAL **re_nr at 0x38d9910
100 words of size 8 bytes callocated for REAL **re_np at 0x38d9c40
100 words of size 8 bytes callocated for REAL **re_mr at 0x38d9f70
100 words of size 8 bytes callocated for REAL **re_mp at 0x38da2a0
100 words of size 8 bytes callocated for REAL **re_tbd at 0x38da5d0
100 words of size 8 bytes callocated for INTG **re_ir at 0x38da900
100 words of size 8 bytes callocated for INTG **re_ip at 0x38dac30
101 words of size 8 bytes callocated for REAL *re_nr[0-99] at 0x38daf60
101 words of size 8 bytes callocated for REAL *re_np[0-99] at 0x38eee20
101 words of size 8 bytes callocated for REAL *re_mr[0-99] at 0x3902ce0
101 words of size 8 bytes callocated for REAL *re_mp[0-99] at 0x3916ba0
101 words of size 8 bytes callocated for REAL *re_tbd[0-99] at 0x392aa60
101 words of size 4 bytes callocated for INTG *re_ir[0-99] at 0x393e920
101 words of size 4 bytes callocated for INTG *re_ip[0-99] at 0x3948ba0
--------------------------------------------------
User-defined reaction specification from reacteq.c, line 264
User-defined modified reaction specification from reacteq.c, line 580
User-defined reaction parameters from reacteq.c, line 904
Oxidation and Coking Wizard inputs oxicoke.c, line 48
--------------------------------------------------
Allocation information from surspec.c
100 words of size 8 bytes callocated for REAL *ssp_wm at 0x3952e20
100 words of size 8 bytes callocated for char **ssp_nam at 0x3953150
100 words of size 4 bytes callocated for INTG *in_spe at 0x3953480
101 words of size 1 bytes callocated for char *ssp_nam[0-99] at 0x3953620
--------------------------------------------------
User-defined surface species information from surspec.c, line 85
--------------------------------------------------
Allocation information from surreac.c
100 words of size 4 bytes callocated for INTG *in_rea at 0x39561e0
100 words of size 4 bytes callocated for INTG *im_rea at 0x3956380
100 words of size 4 bytes callocated for INTG *sre_fb at 0x3956520
100 words of size 8 bytes callocated for REAL *sre_ae at 0x39566c0
100 words of size 8 bytes callocated for REAL *sre_nk at 0x39569f0
100 words of size 8 bytes callocated for REAL *sre_ak at 0x3956d20
100 words of size 8 bytes callocated for REAL **sre_nr at 0x3957050
100 words of size 8 bytes callocated for REAL **sre_np at 0x3957380
100 words of size 8 bytes callocated for REAL **sre_mr at 0x39576b0
100 words of size 8 bytes callocated for REAL **sre_mp at 0x39579e0
100 words of size 8 bytes callocated for INTG **sre_ir at 0x3957d10
100 words of size 8 bytes callocated for INTG **sre_ip at 0x3958040
101 words of size 8 bytes callocated for REAL *sre_nr[0-99] at 0x3958370
101 words of size 8 bytes callocated for REAL *sre_np[0-99] at 0x396c230
101 words of size 8 bytes callocated for REAL *sre_mr[0-99] at 0x39800f0
101 words of size 8 bytes callocated for REAL *sre_mp[0-99] at 0x3993fb0
101 words of size 4 bytes callocated for INTG *sre_ir[0-99] at 0x39a7e70
101 words of size 4 bytes callocated for INTG *sre_ip[0-99] at 0x39b20f0
--------------------------------------------------
User-defined reaction specification from surreac.c, line 163
User-defined surface_reaction parameters from surreac.c, line 481
--------------------------------------------------
Allocation information from edpspec.c
20 words of size 5096 bytes callocated for struct edp2info *edp2inf at 0x39bc370
20 words of size 4 bytes callocated for INTG *in_spe at 0x30ad8c0
--------------------------------------------------
User-defined EDP species information from edpspec.c, line 99
User-defined EDP species information from edpspec.c, line 589
#--------------------------------------------------
Number of EDP species = 0
#--------------------------------------------------
ifedpevap_special1 = 0
#--------------------------------------------------
--------------------------------------------------
Allocation information from ldpspec.c
0 words of size 984 bytes null-allocated for struct ldpinfo *ldpinf
0 words of size 4 bytes null-allocated for INTG *in_spe
--------------------------------------------------
User-defined LDP species information from ldpspec.c, line 82
User-defined LDP species information from ldpspec.c, line 337
#--------------------------------------------------
Number of LDP species = 0
#--------------------------------------------------
--------------------------------------------------
Allocation information from mixspec.c
20 words of size 3200 bytes callocated for struct mixinfo *mixinf at 0x39d51a0
20 words of size 4 bytes callocated for INTG *in_spe at 0x39e4bb0
--------------------------------------------------
User-defined Mixture species information from mixspec.c, line 107
#--------------------------------------------------
Number of Secondary Mixture species = 0
#--------------------------------------------------
--------------------------------------------------
Allocation information from eulspec.c
10 words of size 3624 bytes callocated for struct eulinfo *eulinf at 0x39e4c10
10 words of size 4 bytes callocated for INTG *in_spe at 0x39ed9b0
--------------------------------------------------
User-defined Eulerian species information from eulspec.c, line 85
User-defined eulerian species information from eulspec.c, line 281
#--------------------------------------------------
Number of eulerian species = 0
#--------------------------------------------------
--------------------------------------------------mc_prallo.c begin
Memory allocated using mc_calloc  =        9296 KiloBytes (9 MB)
Memory allocation total (method 1)=        9296 KiloBytes (9 MB)
Memory allocation total (method 2)=        9296 KiloBytes (9 MB)
--------------------------------------------------mc_prallo.c end
# -----------------------------------
# Print out of default values
# -----------------------------------
X yes
Y yes
Z yes
Xt no
Yt no
Zt no
P yes
T yes
U yes
V yes
W yes
R yes
M yes
T_TOTAL no
P_TOTAL no
P_pitot no
Vort_x no
Vort_y no
Vort_z no
||(R_xyz)|| no
Strain_rate no
Y_plus no
Y_star no
GAMMA no
MULAM no
MUTUR no
KAPPA no
Volume no
Cp no
Cp_total no
Qdot no
Tau_x no
Tau_y no
Tau_z no
Skin_friction no
uu_stress no
vv_stress no
ww_stress no
uv_stress no
uw_stress no
vw_stress no
SDparameter no
Enthalpy no
Enthalpy_total no
Enthalpy_sensible no
||(R_x)|| no
||(R_y)|| no
||(R_z)|| no
PreBet no
VelMag no
NegDis no
AspectRatio no
Minv no
Turb1 no
Turb2 no
Turb3 no
Turb4 no
Turb5 no
Turb6 no
Turb7 no
Turb8 no
Turb9 no
P_Gauge no
U_Rel no
V_Rel no
W_Rel no
Nu no
HeatTransCoef no
RhoE no
RhoU no
RhoV no
RhoW no
CPU# no
Cell_group no
Cell_order no
Cell_order_level no
Cell_distance_function no
Node_distance_function no
Turbulence_index no
Bird_parameter no
Wall_node no
Trans_trip no
Phi_x no
Phi_y no
Phi_z no
NumbDens no
Acoustic_Pressure no
Kn no
Tvib no
Ttrv no
NormDist no
BC_family no
Vort_mag no
Entropy no
Energy no
EDthickness no
EDcurrent no
EDpotential no
P_x no
P_y no
P_z no
T_x no
T_y no
T_z no
U_x no
U_y no
U_z no
V_x no
V_y no
V_z no
W_x no
W_y no
W_z no
GAMMA_mix no
R_mix no
U_mix no
V_mix no
W_mix no
M_mix no
Pt_cont no
VolFrac no
Incident_rad no
Stress_Flatness_Parameter no
modeled_uu_stress no
modeled_vv_stress no
modeled_ww_stress no
modeled_uv_stress no
modeled_uw_stress no
modeled_vw_stress no
resolved_uu_stress no
resolved_vv_stress no
resolved_ww_stress no
resolved_uv_stress no
resolved_uw_stress no
resolved_vw_stress no
# -----------------------------------
# Print out of default values
# -----------------------------------
Color1 no
Color2 no
Color3 no
Color4 no
Color5 no
Color6 no
Color7 no
Color8 no
Color9 no
Color10 no
Color11 no
Color12 no
Color13 no
Color14 no
Color15 no
Color16 no
Color17 no
Color18 no
Color19 no
Color20 no
Color21 no
Color22 no
Color23 no
Color24 no
Color25 no
Color26 no
Color27 no
Color28 no
Color29 no
Color30 no
Color31 no
Color32 no
Color33 no
Color34 no
Color35 no
Color36 no
Color37 no
Color38 no
Color39 no
Color40 no
Color41 no
Color42 no
Color43 no
Color44 no
Color45 no
Color46 no
Color47 no
Color48 no
Color49 no
Color50 no
Spec1 no
Spec2 no
Spec3 no
Spec4 no
Spec5 no
Spec6 no
Spec7 no
Spec8 no
Spec9 no
Spec10 no
Spec11 no
Spec12 no
Spec13 no
Spec14 no
Spec15 no
Spec16 no
Spec17 no
Spec18 no
Spec19 no
Spec20 no
Spec21 no
Spec22 no
Spec23 no
Spec24 no
Spec25 no
Spec26 no
Spec27 no
Spec28 no
Spec29 no
Spec30 no
Spec31 no
Spec32 no
Spec33 no
Spec34 no
Spec35 no
Spec36 no
Spec37 no
Spec38 no
Spec39 no
Spec40 no
Spec41 no
Spec42 no
Spec43 no
Spec44 no
Spec45 no
Spec46 no
Spec47 no
Spec48 no
Spec49 no
Spec50 no
MassFrac1 no
MassFrac2 no
MassFrac3 no
MassFrac4 no
MassFrac5 no
MassFrac6 no
MassFrac7 no
MassFrac8 no
MassFrac9 no
MassFrac10 no
MassFrac11 no
MassFrac12 no
MassFrac13 no
MassFrac14 no
MassFrac15 no
MassFrac16 no
MassFrac17 no
MassFrac18 no
MassFrac19 no
MassFrac20 no
MassFrac21 no
MassFrac22 no
MassFrac23 no
MassFrac24 no
MassFrac25 no
MassFrac26 no
MassFrac27 no
MassFrac28 no
MassFrac29 no
MassFrac30 no
MassFrac31 no
MassFrac32 no
MassFrac33 no
MassFrac34 no
MassFrac35 no
MassFrac36 no
MassFrac37 no
MassFrac38 no
MassFrac39 no
MassFrac40 no
MassFrac41 no
MassFrac42 no
MassFrac43 no
MassFrac44 no
MassFrac45 no
MassFrac46 no
MassFrac47 no
MassFrac48 no
MassFrac49 no
MassFrac50 no
MoleFrac1 no
MoleFrac2 no
MoleFrac3 no
MoleFrac4 no
MoleFrac5 no
MoleFrac6 no
MoleFrac7 no
MoleFrac8 no
MoleFrac9 no
MoleFrac10 no
MoleFrac11 no
MoleFrac12 no
MoleFrac13 no
MoleFrac14 no
MoleFrac15 no
MoleFrac16 no
MoleFrac17 no
MoleFrac18 no
MoleFrac19 no
MoleFrac20 no
MoleFrac21 no
MoleFrac22 no
MoleFrac23 no
MoleFrac24 no
MoleFrac25 no
MoleFrac26 no
MoleFrac27 no
MoleFrac28 no
MoleFrac29 no
MoleFrac30 no
MoleFrac31 no
MoleFrac32 no
MoleFrac33 no
MoleFrac34 no
MoleFrac35 no
MoleFrac36 no
MoleFrac37 no
MoleFrac38 no
MoleFrac39 no
MoleFrac40 no
MoleFrac41 no
MoleFrac42 no
MoleFrac43 no
MoleFrac44 no
MoleFrac45 no
MoleFrac46 no
MoleFrac47 no
MoleFrac48 no
MoleFrac49 no
MoleFrac50 no
SDisRate1 no
SDisRate2 no
SDisRate3 no
SDisRate4 no
SDisRate5 no
SDisRate6 no
SDisRate7 no
SDisRate8 no
SDisRate9 no
SDisRate10 no
SDisRate11 no
SDisRate12 no
SDisRate13 no
SDisRate14 no
SDisRate15 no
SDisRate16 no
SDisRate17 no
SDisRate18 no
SDisRate19 no
SDisRate20 no
SDisRate21 no
SDisRate22 no
SDisRate23 no
SDisRate24 no
SDisRate25 no
RHS1 no
RHS2 no
RHS3 no
RHS4 no
RHS5 no
RHS6 no
RHS7 no
RHS8 no
RHS9 no
RHS10 no
RHS11 no
RHS12 no
RHS13 no
RHS14 no
RHS15 no
RHS16 no
RHS17 no
RHS18 no
RHS19 no
RHS20 no
RHS21 no
RHS22 no
RHS23 no
RHS24 no
RHS25 no
RHS26 no
RHS27 no
RHS28 no
RHS29 no
RHS30 no
RHS31 no
RHS32 no
RHS33 no
RHS34 no
RHS35 no
RHS36 no
RHS37 no
RHS38 no
RHS39 no
RHS40 no
RHS41 no
RHS42 no
RHS43 no
RHS44 no
RHS45 no
RHS46 no
RHS47 no
RHS48 no
RHS49 no
RHS50 no
MassDiff1 no
MassDiff2 no
MassDiff3 no
MassDiff4 no
MassDiff5 no
MassDiff6 no
MassDiff7 no
MassDiff8 no
MassDiff9 no
MassDiff10 no
MassDiff11 no
MassDiff12 no
MassDiff13 no
MassDiff14 no
MassDiff15 no
MassDiff16 no
MassDiff17 no
MassDiff18 no
MassDiff19 no
MassDiff20 no
MassDiff21 no
MassDiff22 no
MassDiff23 no
MassDiff24 no
MassDiff25 no
NumbDens1 no
NumbDens2 no
NumbDens3 no
NumbDens4 no
NumbDens5 no
NumbDens6 no
NumbDens7 no
NumbDens8 no
NumbDens9 no
NumbDens10 no
NumbDens11 no
NumbDens12 no
NumbDens13 no
NumbDens14 no
NumbDens15 no
NumbDens16 no
NumbDens17 no
NumbDens18 no
NumbDens19 no
NumbDens20 no
NumbDens21 no
NumbDens22 no
NumbDens23 no
NumbDens24 no
NumbDens25 no
NumbDens26 no
NumbDens27 no
NumbDens28 no
NumbDens29 no
NumbDens30 no
NumbDens31 no
NumbDens32 no
NumbDens33 no
NumbDens34 no
NumbDens35 no
NumbDens36 no
NumbDens37 no
NumbDens38 no
NumbDens39 no
NumbDens40 no
NumbDens41 no
NumbDens42 no
NumbDens43 no
NumbDens44 no
NumbDens45 no
NumbDens46 no
NumbDens47 no
NumbDens48 no
NumbDens49 no
NumbDens50 no
# -----------------------------------
# Print out of default values
# -----------------------------------
EDP_NumbDens1 no
EDP_NumbDens2 no
EDP_NumbDens3 no
EDP_NumbDens4 no
EDP_NumbDens5 no
EDP_NumbDens6 no
EDP_NumbDens7 no
EDP_NumbDens8 no
EDP_NumbDens9 no
EDP_NumbDens10 no
EDP_NumbDens11 no
EDP_NumbDens12 no
EDP_NumbDens13 no
EDP_NumbDens14 no
EDP_NumbDens15 no
EDP_NumbDens16 no
EDP_NumbDens17 no
EDP_NumbDens18 no
EDP_NumbDens19 no
EDP_NumbDens20 no
EDP_NumbDens21 no
EDP_NumbDens22 no
EDP_NumbDens23 no
EDP_NumbDens24 no
EDP_NumbDens25 no
LDP_NumbDens1 no
LDP_NumbDens2 no
LDP_NumbDens3 no
LDP_NumbDens4 no
LDP_NumbDens5 no
LDP_NumbDens6 no
LDP_NumbDens7 no
LDP_NumbDens8 no
LDP_NumbDens9 no
LDP_NumbDens10 no
EDP_XMomen1 no
EDP_XMomen2 no
EDP_XMomen3 no
EDP_XMomen4 no
EDP_XMomen5 no
EDP_XMomen6 no
EDP_XMomen7 no
EDP_XMomen8 no
EDP_XMomen9 no
EDP_XMomen10 no
EDP_XMomen11 no
EDP_XMomen12 no
EDP_XMomen13 no
EDP_XMomen14 no
EDP_XMomen15 no
EDP_XMomen16 no
EDP_XMomen17 no
EDP_XMomen18 no
EDP_XMomen19 no
EDP_XMomen20 no
EDP_XMomen21 no
EDP_XMomen22 no
EDP_XMomen23 no
EDP_XMomen24 no
EDP_XMomen25 no
EDP_YMomen1 no
EDP_YMomen2 no
EDP_YMomen3 no
EDP_YMomen4 no
EDP_YMomen5 no
EDP_YMomen6 no
EDP_YMomen7 no
EDP_YMomen8 no
EDP_YMomen9 no
EDP_YMomen10 no
EDP_YMomen11 no
EDP_YMomen12 no
EDP_YMomen13 no
EDP_YMomen14 no
EDP_YMomen15 no
EDP_YMomen16 no
EDP_YMomen17 no
EDP_YMomen18 no
EDP_YMomen19 no
EDP_YMomen20 no
EDP_YMomen21 no
EDP_YMomen22 no
EDP_YMomen23 no
EDP_YMomen24 no
EDP_YMomen25 no
EDP_ZMomen1 no
EDP_ZMomen2 no
EDP_ZMomen3 no
EDP_ZMomen4 no
EDP_ZMomen5 no
EDP_ZMomen6 no
EDP_ZMomen7 no
EDP_ZMomen8 no
EDP_ZMomen9 no
EDP_ZMomen10 no
EDP_ZMomen11 no
EDP_ZMomen12 no
EDP_ZMomen13 no
EDP_ZMomen14 no
EDP_ZMomen15 no
EDP_ZMomen16 no
EDP_ZMomen17 no
EDP_ZMomen18 no
EDP_ZMomen19 no
EDP_ZMomen20 no
EDP_ZMomen21 no
EDP_ZMomen22 no
EDP_ZMomen23 no
EDP_ZMomen24 no
EDP_ZMomen25 no
EDP_Energy1 no
EDP_Energy2 no
EDP_Energy3 no
EDP_Energy4 no
EDP_Energy5 no
EDP_Energy6 no
EDP_Energy7 no
EDP_Energy8 no
EDP_Energy9 no
EDP_Energy10 no
EDP_Energy11 no
EDP_Energy12 no
EDP_Energy13 no
EDP_Energy14 no
EDP_Energy15 no
EDP_Energy16 no
EDP_Energy17 no
EDP_Energy18 no
EDP_Energy19 no
EDP_Energy20 no
EDP_Energy21 no
EDP_Energy22 no
EDP_Energy23 no
EDP_Energy24 no
EDP_Energy25 no
EDP_Density1 no
EDP_Density2 no
EDP_Density3 no
EDP_Density4 no
EDP_Density5 no
EDP_Density6 no
EDP_Density7 no
EDP_Density8 no
EDP_Density9 no
EDP_Density10 no
EDP_Density11 no
EDP_Density12 no
EDP_Density13 no
EDP_Density14 no
EDP_Density15 no
EDP_Density16 no
EDP_Density17 no
EDP_Density18 no
EDP_Density19 no
EDP_Density20 no
EDP_Density21 no
EDP_Density22 no
EDP_Density23 no
EDP_Density24 no
EDP_Density25 no
LDP_Density1 no
LDP_Density2 no
LDP_Density3 no
LDP_Density4 no
LDP_Density5 no
LDP_Density6 no
LDP_Density7 no
LDP_Density8 no
LDP_Density9 no
LDP_Density10 no
# -----------------------------------
# Print out of default values
# -----------------------------------
EDP_Temper1 no
EDP_Temper2 no
EDP_Temper3 no
EDP_Temper4 no
EDP_Temper5 no
EDP_Temper6 no
EDP_Temper7 no
EDP_Temper8 no
EDP_Temper9 no
EDP_Temper10 no
EDP_Temper11 no
EDP_Temper12 no
EDP_Temper13 no
EDP_Temper14 no
EDP_Temper15 no
EDP_Temper16 no
EDP_Temper17 no
EDP_Temper18 no
EDP_Temper19 no
EDP_Temper20 no
EDP_Temper21 no
EDP_Temper22 no
EDP_Temper23 no
EDP_Temper24 no
EDP_Temper25 no
LDP_Temper1 no
LDP_Temper2 no
LDP_Temper3 no
LDP_Temper4 no
LDP_Temper5 no
LDP_Temper6 no
LDP_Temper7 no
LDP_Temper8 no
LDP_Temper9 no
LDP_Temper10 no
EDP1_Spk1_Spec1 no
EDP1_Spk1_Spec2 no
EDP1_Spk1_Spec3 no
EDP1_Spk1_Spec4 no
EDP1_Spk1_Spec5 no
EDP1_Spk1_Spec6 no
EDP1_Spk1_Spec7 no
EDP1_Spk1_Spec8 no
EDP1_Spk1_Spec9 no
EDP1_Spk1_Spec10 no
EDP1_Spk1_Spec11 no
EDP1_Spk1_Spec12 no
EDP1_Spk1_Spec13 no
EDP1_Spk1_Spec14 no
EDP1_Spk1_Spec15 no
EDP1_Spk1_Spec16 no
EDP1_Spk1_Spec17 no
EDP1_Spk1_Spec18 no
EDP1_Spk1_Spec19 no
EDP1_Spk1_Spec20 no
EDP1_Spk1_Spec21 no
EDP1_Spk1_Spec22 no
EDP1_Spk1_Spec23 no
EDP1_Spk1_Spec24 no
EDP1_Spk1_Spec25 no
EDP1_Spk2_Spec1 no
EDP1_Spk2_Spec2 no
EDP1_Spk2_Spec3 no
EDP1_Spk2_Spec4 no
EDP1_Spk2_Spec5 no
EDP1_Spk2_Spec6 no
EDP1_Spk2_Spec7 no
EDP1_Spk2_Spec8 no
EDP1_Spk2_Spec9 no
EDP1_Spk2_Spec10 no
EDP1_Spk2_Spec11 no
EDP1_Spk2_Spec12 no
EDP1_Spk2_Spec13 no
EDP1_Spk2_Spec14 no
EDP1_Spk2_Spec15 no
EDP1_Spk2_Spec16 no
EDP1_Spk2_Spec17 no
EDP1_Spk2_Spec18 no
EDP1_Spk2_Spec19 no
EDP1_Spk2_Spec20 no
EDP1_Spk2_Spec21 no
EDP1_Spk2_Spec22 no
EDP1_Spk2_Spec23 no
EDP1_Spk2_Spec24 no
EDP1_Spk2_Spec25 no
EDP1_Spk3_Spec1 no
EDP1_Spk3_Spec2 no
EDP1_Spk3_Spec3 no
EDP1_Spk3_Spec4 no
EDP1_Spk3_Spec5 no
EDP1_Spk3_Spec6 no
EDP1_Spk3_Spec7 no
EDP1_Spk3_Spec8 no
EDP1_Spk3_Spec9 no
EDP1_Spk3_Spec10 no
EDP1_Spk3_Spec11 no
EDP1_Spk3_Spec12 no
EDP1_Spk3_Spec13 no
EDP1_Spk3_Spec14 no
EDP1_Spk3_Spec15 no
EDP1_Spk3_Spec16 no
EDP1_Spk3_Spec17 no
EDP1_Spk3_Spec18 no
EDP1_Spk3_Spec19 no
EDP1_Spk3_Spec20 no
EDP1_Spk3_Spec21 no
EDP1_Spk3_Spec22 no
EDP1_Spk3_Spec23 no
EDP1_Spk3_Spec24 no
EDP1_Spk3_Spec25 no
EDP1_Spk_Spec1 no
EDP1_Spk_Spec2 no
EDP1_Spk_Spec3 no
EDP1_Spk_Spec4 no
EDP1_Spk_Spec5 no
EDP1_Spk_Spec6 no
EDP1_Spk_Spec7 no
EDP1_Spk_Spec8 no
EDP1_Spk_Spec9 no
EDP1_Spk_Spec10 no
EDP1_Spk_Spec11 no
EDP1_Spk_Spec12 no
EDP1_Spk_Spec13 no
EDP1_Spk_Spec14 no
EDP1_Spk_Spec15 no
EDP1_Spk_Spec16 no
EDP1_Spk_Spec17 no
EDP1_Spk_Spec18 no
EDP1_Spk_Spec19 no
EDP1_Spk_Spec20 no
EDP1_Spk_Spec21 no
EDP1_Spk_Spec22 no
EDP1_Spk_Spec23 no
EDP1_Spk_Spec24 no
EDP1_Spk_Spec25 no
Poro_C11 no
Poro_C12 no
Poro_C13 no
Poro_C21 no
Poro_C22 no
Poro_C23 no
Poro_C31 no
Poro_C32 no
Poro_C33 no
Poro_D11 no
Poro_D12 no
Poro_D13 no
Poro_D21 no
Poro_D22 no
Poro_D23 no
Poro_D31 no
Poro_D32 no
Poro_D33 no
Poro_Por no
# -----------------------------------
# Print out of default values
# -----------------------------------
PS_Var1 no
PS_Var2 no
PS_Var3 no
PS_Var4 no
PS_Var5 no
PS_Var6 no
PS_Var7 no
PS_Var8 no
PS_Var9 no
PS_Var10 no
PS_Var11 no
PS_Var12 no
PS_Var13 no
PS_Var14 no
PS_Var15 no
PS_Var16 no
PS_Var17 no
PS_Var18 no
PS_Var19 no
PS_Var20 no
PS_Var21 no
PS_Var22 no
PS_Var23 no
PS_Var24 no
PS_Var25 no
PS_Var26 no
PS_Var27 no
PS_Var28 no
PS_Var29 no
PS_Var30 no
PS_Var31 no
PS_Var32 no
PS_Var33 no
PS_Var34 no
PS_Var35 no
PS_Var36 no
PS_Var37 no
PS_Var38 no
PS_Var39 no
PS_Var40 no
PS_Var41 no
PS_Var42 no
PS_Var43 no
PS_Var44 no
PS_Var45 no
PS_Var46 no
PS_Var47 no
PS_Var48 no
PS_Var49 no
PS_Var50 no
PS_Var51 no
PS_Var52 no
PS_Var53 no
PS_Var54 no
PS_Var55 no
PS_Var56 no
PS_Var57 no
PS_Var58 no
PS_Var59 no
PS_Var60 no
PS_Var61 no
PS_Var62 no
PS_Var63 no
PS_Var64 no
PS_Var65 no
PS_Var66 no
PS_Var67 no
PS_Var68 no
PS_Var69 no
PS_Var70 no
PS_Var71 no
PS_Var72 no
PS_Var73 no
PS_Var74 no
PS_Var75 no
PS_Var76 no
PS_Var77 no
PS_Var78 no
PS_Var79 no
PS_Var80 no
PS_Var81 no
PS_Var82 no
PS_Var83 no
PS_Var84 no
PS_Var85 no
PS_Var86 no
PS_Var87 no
PS_Var88 no
PS_Var89 no
PS_Var90 no
PS_Var91 no
PS_Var92 no
PS_Var93 no
PS_Var94 no
PS_Var95 no
PS_Var96 no
PS_Var97 no
PS_Var98 no
PS_Var99 no
PS_Var100 no
PS_Var101 no
PS_Var102 no
PS_Var103 no
PS_Var104 no
PS_Var105 no
PS_Var106 no
PS_Var107 no
PS_Var108 no
PS_Var109 no
PS_Var110 no
PS_Var111 no
PS_Var112 no
PS_Var113 no
PS_Var114 no
PS_Var115 no
PS_Var116 no
PS_Var117 no
PS_Var118 no
PS_Var119 no
PS_Var120 no
PS_Var121 no
PS_Var122 no
PS_Var123 no
PS_Var124 no
PS_Var125 no
PS_Var126 no
PS_Var127 no
PS_Var128 no
PS_Var129 no
PS_Var130 no
PS_Var131 no
PS_Var132 no
PS_Var133 no
PS_Var134 no
PS_Var135 no
PS_Var136 no
PS_Var137 no
PS_Var138 no
PS_Var139 no
PS_Var140 no
PS_Var141 no
PS_Var142 no
PS_Var143 no
PS_Var144 no
PS_Var145 no
PS_Var146 no
PS_Var147 no
PS_Var148 no
PS_Var149 no
PS_Var150 no
PS_Var151 no
PS_Var152 no
PS_Var153 no
PS_Var154 no
PS_Var155 no
PS_Var156 no
PS_Var157 no
PS_Var158 no
PS_Var159 no
PS_Var160 no
PS_Var161 no
PS_Var162 no
PS_Var163 no
PS_Var164 no
PS_Var165 no
PS_Var166 no
PS_Var167 no
PS_Var168 no
PS_Var169 no
PS_Var170 no
PS_Var171 no
PS_Var172 no
PS_Var173 no
PS_Var174 no
PS_Var175 no
PS_Var176 no
PS_Var177 no
PS_Var178 no
PS_Var179 no
PS_Var180 no
PS_Var181 no
PS_Var182 no
PS_Var183 no
PS_Var184 no
PS_Var185 no
PS_Var186 no
PS_Var187 no
PS_Var188 no
PS_Var189 no
PS_Var190 no
PS_Var191 no
PS_Var192 no
PS_Var193 no
PS_Var194 no
PS_Var195 no
PS_Var196 no
PS_Var197 no
PS_Var198 no
PS_Var199 no
PS_Var200 no
PS_RHS1 no
PS_RHS2 no
PS_RHS3 no
PS_RHS4 no
PS_RHS5 no
PS_RHS6 no
PS_RHS7 no
PS_RHS8 no
PS_RHS9 no
PS_RHS10 no
PS_RHS11 no
PS_RHS12 no
PS_RHS13 no
PS_RHS14 no
PS_RHS15 no
PS_RHS16 no
PS_RHS17 no
PS_RHS18 no
PS_RHS19 no
PS_RHS20 no
PS_RHS21 no
PS_RHS22 no
PS_RHS23 no
PS_RHS24 no
PS_RHS25 no
PS_RHS26 no
PS_RHS27 no
PS_RHS28 no
PS_RHS29 no
PS_RHS30 no
PS_RHS31 no
PS_RHS32 no
PS_RHS33 no
PS_RHS34 no
PS_RHS35 no
PS_RHS36 no
PS_RHS37 no
PS_RHS38 no
PS_RHS39 no
PS_RHS40 no
PS_RHS41 no
PS_RHS42 no
PS_RHS43 no
PS_RHS44 no
PS_RHS45 no
PS_RHS46 no
PS_RHS47 no
PS_RHS48 no
PS_RHS49 no
PS_RHS50 no
Radiative_Qdot no
Qdot_tran no
Qdot_ethd no
Qdot_vibr no
Kappa_tran no
Kappa_vib no
P_electron no
LS_Var1 no
LS_Var2 no
LS_Var3 no
LS_Var4 no
LS_Var5 no
LS_RHS1 no
LS_RHS2 no
LS_RHS3 no
LS_RHS4 no
LS_RHS5 no
Cell_Label1 no
Cell_Label2 no
Cell_Label3 no
Cell_Label4 no
Cell_Work1 no
Cell_Work2 no
Cell_CFLno no
NONDIM yes
cpudomains no
grpdomains no
plt_mode 1
plt_nomust no
plt_ptotmx no
ThOx_wall_deposit no
NQcrt no
Pcrit no
Tcrit no
vcrit no
acrit no
Sound_source_function no
Latency_parameter no
Node_number no
Cell_number no
Vapor_frac no
Qcrit no
Lam2crit no
TstepPar no
TstepInv no
TstepVis no
Stanton no
MUTMU no
Cell_Re no
Turb1_x no
Turb1_y no
Turb1_z no
Heat_release no
Sp_heat_pres no
Sp_heat_volu no
Sound_speed no
Prandtl no
Turb_Pr no
Turb_Sc no
Flame1 no
Flame2 no
Flame3 no
OTM_KL no
OTM_a no
OTM_Cs no
OTM_KLa no
OTM_acl no
OTM_acg no
OTM_presg no
VOL_FRACT1 no
VOL_FRACT2 no
VOL_FRACT3 no
VOL_FRACT4 no
VOL_FRACT5 no
VOL_FRACT6 no
VOL_FRACT7 no
VOL_FRACT8 no
VOL_FRACT9 no
VOL_FRACT10 no
pinf  0.0000000e+00
uinf  1.0000000e+00
rinf  2.0000000e+00
edp_rinf1  1.0000000e+00
edp_rinf2  1.0000000e+00
edp_rinf3  1.0000000e+00
edp_rinf4  1.0000000e+00
edp_rinf5  1.0000000e+00
edp_rinf6  1.0000000e+00
edp_rinf7  1.0000000e+00
edp_rinf8  1.0000000e+00
edp_rinf9  1.0000000e+00
edp_rinf10  1.0000000e+00
edp_uinf1  1.0000000e+00
edp_uinf2  1.0000000e+00
edp_uinf3  1.0000000e+00
edp_uinf4  1.0000000e+00
edp_uinf5  1.0000000e+00
edp_uinf6  1.0000000e+00
edp_uinf7  1.0000000e+00
edp_uinf8  1.0000000e+00
edp_uinf9  1.0000000e+00
edp_uinf10  1.0000000e+00
edp_lwc1  1.0000000e+00
edp_lwc2  1.0000000e+00
edp_lwc3  1.0000000e+00
edp_lwc4  1.0000000e+00
edp_lwc5  1.0000000e+00
edp_lwc6  1.0000000e+00
edp_lwc7  1.0000000e+00
edp_lwc8  1.0000000e+00
edp_lwc9  1.0000000e+00
edp_lwc10  1.0000000e+00
edp_iced1  1.0000000e+00
edp_iced2  1.0000000e+00
edp_iced3  1.0000000e+00
edp_iced4  1.0000000e+00
edp_iced5  1.0000000e+00
edp_iced6  1.0000000e+00
edp_iced7  1.0000000e+00
edp_iced8  1.0000000e+00
edp_iced9  1.0000000e+00
edp_iced10  1.0000000e+00
edp_eps  1.0000000e-08
edp_delt  1.0000000e+00
edp_uvwtplot 1
Nu_tref  1.0000000e+00
Nu_lref  1.0000000e+00
Kn_lref  1.0000000e+00
fv_fsmach  0.0000000e+00
fv_alpha  0.0000000e+00
fv_reynol  0.0000000e+00
ptot_max  1.0000000e+32
Hard_sphere_diameter  4.1900000e-10
Ei_Val1 no
Ei_Val2 no
Ei_Val3 no
Ei_Val4 no
Ei_Val5 no
Ei_Val6 no
Ei_Val7 no
Ei_Val8 no
Ei_Val9 no
Ei_Val10 no
Ei_Val11 no
Ei_Val12 no
Ei_Val13 no
Ei_Val14 no
Ei_Val15 no
Ei_Val16 no
Ei_Val17 no
Ei_Val18 no
Ei_Val19 no
Ei_Val20 no
Ei_Ave1 no
Ei_Ave2 no
Ei_Ave3 no
Ei_Ave4 no
Ei_Ave5 no
Ei_Ave6 no
Ei_Ave7 no
Ei_Ave8 no
Ei_Ave9 no
Ei_Ave10 no
Ei_Ave11 no
Ei_Ave12 no
Ei_Ave13 no
Ei_Ave14 no
Ei_Ave15 no
Ei_Ave16 no
Ei_Ave17 no
Ei_Ave18 no
Ei_Ave19 no
Ei_Ave20 no
# -----------------------------------
# Print out of default values
# -----------------------------------
EDP_Radius1 no
EDP_Radius2 no
EDP_Radius3 no
EDP_Radius4 no
EDP_Radius5 no
EDP_Radius6 no
EDP_Radius7 no
EDP_Radius8 no
EDP_Radius9 no
EDP_Radius10 no
EDP_Radius11 no
EDP_Radius12 no
EDP_Radius13 no
EDP_Radius14 no
EDP_Radius15 no
EDP_Radius16 no
EDP_Radius17 no
EDP_Radius18 no
EDP_Radius19 no
EDP_Radius20 no
EDP_Radius21 no
EDP_Radius22 no
EDP_Radius23 no
EDP_Radius24 no
EDP_Radius25 no
LDP_SMRadius1 no
LDP_SMRadius2 no
LDP_SMRadius3 no
LDP_SMRadius4 no
LDP_SMRadius5 no
LDP_SMRadius6 no
LDP_SMRadius7 no
LDP_SMRadius8 no
LDP_SMRadius9 no
LDP_SMRadius10 no
EDP_XVeloc1 no
EDP_XVeloc2 no
EDP_XVeloc3 no
EDP_XVeloc4 no
EDP_XVeloc5 no
EDP_XVeloc6 no
EDP_XVeloc7 no
EDP_XVeloc8 no
EDP_XVeloc9 no
EDP_XVeloc10 no
EDP_XVeloc11 no
EDP_XVeloc12 no
EDP_XVeloc13 no
EDP_XVeloc14 no
EDP_XVeloc15 no
EDP_XVeloc16 no
EDP_XVeloc17 no
EDP_XVeloc18 no
EDP_XVeloc19 no
EDP_XVeloc20 no
EDP_XVeloc21 no
EDP_XVeloc22 no
EDP_XVeloc23 no
EDP_XVeloc24 no
EDP_XVeloc25 no
LDP_XVeloc1 no
LDP_XVeloc2 no
LDP_XVeloc3 no
LDP_XVeloc4 no
LDP_XVeloc5 no
LDP_XVeloc6 no
LDP_XVeloc7 no
LDP_XVeloc8 no
LDP_XVeloc9 no
LDP_XVeloc10 no
EDP_YVeloc1 no
EDP_YVeloc2 no
EDP_YVeloc3 no
EDP_YVeloc4 no
EDP_YVeloc5 no
EDP_YVeloc6 no
EDP_YVeloc7 no
EDP_YVeloc8 no
EDP_YVeloc9 no
EDP_YVeloc10 no
EDP_YVeloc11 no
EDP_YVeloc12 no
EDP_YVeloc13 no
EDP_YVeloc14 no
EDP_YVeloc15 no
EDP_YVeloc16 no
EDP_YVeloc17 no
EDP_YVeloc18 no
EDP_YVeloc19 no
EDP_YVeloc20 no
EDP_YVeloc21 no
EDP_YVeloc22 no
EDP_YVeloc23 no
EDP_YVeloc24 no
EDP_YVeloc25 no
LDP_YVeloc1 no
LDP_YVeloc2 no
LDP_YVeloc3 no
LDP_YVeloc4 no
LDP_YVeloc5 no
LDP_YVeloc6 no
LDP_YVeloc7 no
LDP_YVeloc8 no
LDP_YVeloc9 no
LDP_YVeloc10 no
EDP_ZVeloc1 no
EDP_ZVeloc2 no
EDP_ZVeloc3 no
EDP_ZVeloc4 no
EDP_ZVeloc5 no
EDP_ZVeloc6 no
EDP_ZVeloc7 no
EDP_ZVeloc8 no
EDP_ZVeloc9 no
EDP_ZVeloc10 no
EDP_ZVeloc11 no
EDP_ZVeloc12 no
EDP_ZVeloc13 no
EDP_ZVeloc14 no
EDP_ZVeloc15 no
EDP_ZVeloc16 no
EDP_ZVeloc17 no
EDP_ZVeloc18 no
EDP_ZVeloc19 no
EDP_ZVeloc20 no
EDP_ZVeloc21 no
EDP_ZVeloc22 no
EDP_ZVeloc23 no
EDP_ZVeloc24 no
EDP_ZVeloc25 no
LDP_ZVeloc1 no
LDP_ZVeloc2 no
LDP_ZVeloc3 no
LDP_ZVeloc4 no
LDP_ZVeloc5 no
LDP_ZVeloc6 no
LDP_ZVeloc7 no
LDP_ZVeloc8 no
LDP_ZVeloc9 no
LDP_ZVeloc10 no
EDP_SArea1 no
EDP_SArea2 no
EDP_SArea3 no
EDP_SArea4 no
EDP_SArea5 no
EDP_SArea6 no
EDP_SArea7 no
EDP_SArea8 no
EDP_SArea9 no
EDP_SArea10 no
EDP_SArea11 no
EDP_SArea12 no
EDP_SArea13 no
EDP_SArea14 no
EDP_SArea15 no
EDP_SArea16 no
EDP_SArea17 no
EDP_SArea18 no
EDP_SArea19 no
EDP_SArea20 no
EDP_SArea21 no
EDP_SArea22 no
EDP_SArea23 no
EDP_SArea24 no
EDP_SArea25 no
EDP_MeltFrac1 no
EDP_MeltFrac2 no
EDP_MeltFrac3 no
EDP_MeltFrac4 no
EDP_MeltFrac5 no
EDP_MeltFrac6 no
EDP_MeltFrac7 no
EDP_MeltFrac8 no
EDP_MeltFrac9 no
EDP_MeltFrac10 no
EDP_MeltFrac11 no
EDP_MeltFrac12 no
EDP_MeltFrac13 no
EDP_MeltFrac14 no
EDP_MeltFrac15 no
EDP_MeltFrac16 no
EDP_MeltFrac17 no
EDP_MeltFrac18 no
EDP_MeltFrac19 no
EDP_MeltFrac20 no
EDP_MeltFrac21 no
EDP_MeltFrac22 no
EDP_MeltFrac23 no
EDP_MeltFrac24 no
EDP_MeltFrac25 no
EDP_CollEff1 no
EDP_CollEff2 no
EDP_CollEff3 no
EDP_CollEff4 no
EDP_CollEff5 no
EDP_CollEff6 no
EDP_CollEff7 no
EDP_CollEff8 no
EDP_CollEff9 no
EDP_CollEff10 no
EDP_CollEff11 no
EDP_CollEff12 no
EDP_CollEff13 no
EDP_CollEff14 no
EDP_CollEff15 no
EDP_CollEff16 no
EDP_CollEff17 no
EDP_CollEff18 no
EDP_CollEff19 no
EDP_CollEff20 no
EDP_CollEff21 no
EDP_CollEff22 no
EDP_CollEff23 no
EDP_CollEff24 no
EDP_CollEff25 no
EDP_ACCH no
EDP_ACCHx no
EDP_ACCHy no
EDP_ACCHz no
EDP_VolFrac1 no
EDP_VolFrac2 no
EDP_VolFrac3 no
EDP_VolFrac4 no
EDP_VolFrac5 no
EDP_VolFrac6 no
EDP_VolFrac7 no
EDP_VolFrac8 no
EDP_VolFrac9 no
EDP_VolFrac10 no
EDP_VolFrac11 no
EDP_VolFrac12 no
EDP_VolFrac13 no
EDP_VolFrac14 no
EDP_VolFrac15 no
EDP_VolFrac16 no
EDP_VolFrac17 no
EDP_VolFrac18 no
EDP_VolFrac19 no
EDP_VolFrac20 no
EDP_VolFrac21 no
EDP_VolFrac22 no
EDP_VolFrac23 no
EDP_VolFrac24 no
EDP_VolFrac25 no
LDP_VolFrac1 no
LDP_VolFrac2 no
LDP_VolFrac3 no
LDP_VolFrac4 no
LDP_VolFrac5 no
LDP_VolFrac6 no
LDP_VolFrac7 no
LDP_VolFrac8 no
LDP_VolFrac9 no
LDP_VolFrac10 no
# -----------------------------------
# Print out of default values
# -----------------------------------
P_Background no
T_Background no
R_Background no
U_Background no
V_Background no
W_Background no
MassFrac_BackgrSpecies1 no
MassFrac_BackgrSpecies2 no
MassFrac_BackgrSpecies3 no
MassFrac_BackgrSpecies4 no
MassFrac_BackgrSpecies5 no
MassFrac_BackgrSpecies6 no
MassFrac_BackgrSpecies7 no
MassFrac_BackgrSpecies8 no
MassFrac_BackgrSpecies9 no
MassFrac_BackgrSpecies10 no
MassFrac_BackgrSpecies11 no
MassFrac_BackgrSpecies12 no
MassFrac_BackgrSpecies13 no
MassFrac_BackgrSpecies14 no
MassFrac_BackgrSpecies15 no
MassFrac_BackgrSpecies16 no
MassFrac_BackgrSpecies17 no
MassFrac_BackgrSpecies18 no
MassFrac_BackgrSpecies19 no
MassFrac_BackgrSpecies20 no
MassFrac_BackgrSpecies21 no
MassFrac_BackgrSpecies22 no
MassFrac_BackgrSpecies23 no
MassFrac_BackgrSpecies24 no
MassFrac_BackgrSpecies25 no
MassFrac_BackgrSpecies26 no
MassFrac_BackgrSpecies27 no
MassFrac_BackgrSpecies28 no
MassFrac_BackgrSpecies29 no
MassFrac_BackgrSpecies30 no
MassFrac_BackgrSpecies31 no
MassFrac_BackgrSpecies32 no
MassFrac_BackgrSpecies33 no
MassFrac_BackgrSpecies34 no
MassFrac_BackgrSpecies35 no
MassFrac_BackgrSpecies36 no
MassFrac_BackgrSpecies37 no
MassFrac_BackgrSpecies38 no
MassFrac_BackgrSpecies39 no
MassFrac_BackgrSpecies40 no
MassFrac_BackgrSpecies41 no
MassFrac_BackgrSpecies42 no
MassFrac_BackgrSpecies43 no
MassFrac_BackgrSpecies44 no
MassFrac_BackgrSpecies45 no
MassFrac_BackgrSpecies46 no
MassFrac_BackgrSpecies47 no
MassFrac_BackgrSpecies48 no
MassFrac_BackgrSpecies49 no
MassFrac_BackgrSpecies50 no
MassFrac_ExcitedSpecies1 no
MassFrac_ExcitedSpecies2 no
MassFrac_ExcitedSpecies3 no
MassFrac_ExcitedSpecies4 no
MassFrac_ExcitedSpecies5 no
MassFrac_ExcitedSpecies6 no
MassFrac_ExcitedSpecies7 no
MassFrac_ExcitedSpecies8 no
MassFrac_ExcitedSpecies9 no
MassFrac_ExcitedSpecies10 no
MassFrac_ExcitedSpecies11 no
MassFrac_ExcitedSpecies12 no
MassFrac_ExcitedSpecies13 no
MassFrac_ExcitedSpecies14 no
MassFrac_ExcitedSpecies15 no
MassFrac_ExcitedSpecies16 no
MassFrac_ExcitedSpecies17 no
MassFrac_ExcitedSpecies18 no
MassFrac_ExcitedSpecies19 no
MassFrac_ExcitedSpecies20 no
MassFrac_ExcitedSpecies21 no
MassFrac_ExcitedSpecies22 no
MassFrac_ExcitedSpecies23 no
MassFrac_ExcitedSpecies24 no
MassFrac_ExcitedSpecies25 no
MassFrac_ExcitedSpecies26 no
MassFrac_ExcitedSpecies27 no
MassFrac_ExcitedSpecies28 no
MassFrac_ExcitedSpecies29 no
MassFrac_ExcitedSpecies30 no
MassFrac_ExcitedSpecies31 no
MassFrac_ExcitedSpecies32 no
MassFrac_ExcitedSpecies33 no
MassFrac_ExcitedSpecies34 no
MassFrac_ExcitedSpecies35 no
MassFrac_ExcitedSpecies36 no
MassFrac_ExcitedSpecies37 no
MassFrac_ExcitedSpecies38 no
MassFrac_ExcitedSpecies39 no
MassFrac_ExcitedSpecies40 no
MassFrac_ExcitedSpecies41 no
MassFrac_ExcitedSpecies42 no
MassFrac_ExcitedSpecies43 no
MassFrac_ExcitedSpecies44 no
MassFrac_ExcitedSpecies45 no
MassFrac_ExcitedSpecies46 no
MassFrac_ExcitedSpecies47 no
MassFrac_ExcitedSpecies48 no
MassFrac_ExcitedSpecies49 no
MassFrac_ExcitedSpecies50 no
MassFrac_GroundSpecies1 no
MassFrac_GroundSpecies2 no
MassFrac_GroundSpecies3 no
MassFrac_GroundSpecies4 no
MassFrac_GroundSpecies5 no
MassFrac_GroundSpecies6 no
MassFrac_GroundSpecies7 no
MassFrac_GroundSpecies8 no
MassFrac_GroundSpecies9 no
MassFrac_GroundSpecies10 no
MassFrac_GroundSpecies11 no
MassFrac_GroundSpecies12 no
MassFrac_GroundSpecies13 no
MassFrac_GroundSpecies14 no
MassFrac_GroundSpecies15 no
MassFrac_GroundSpecies16 no
MassFrac_GroundSpecies17 no
MassFrac_GroundSpecies18 no
MassFrac_GroundSpecies19 no
MassFrac_GroundSpecies20 no
MassFrac_GroundSpecies21 no
MassFrac_GroundSpecies22 no
MassFrac_GroundSpecies23 no
MassFrac_GroundSpecies24 no
MassFrac_GroundSpecies25 no
MassFrac_GroundSpecies26 no
MassFrac_GroundSpecies27 no
MassFrac_GroundSpecies28 no
MassFrac_GroundSpecies29 no
MassFrac_GroundSpecies30 no
MassFrac_GroundSpecies31 no
MassFrac_GroundSpecies32 no
MassFrac_GroundSpecies33 no
MassFrac_GroundSpecies34 no
MassFrac_GroundSpecies35 no
MassFrac_GroundSpecies36 no
MassFrac_GroundSpecies37 no
MassFrac_GroundSpecies38 no
MassFrac_GroundSpecies39 no
MassFrac_GroundSpecies40 no
MassFrac_GroundSpecies41 no
MassFrac_GroundSpecies42 no
MassFrac_GroundSpecies43 no
MassFrac_GroundSpecies44 no
MassFrac_GroundSpecies45 no
MassFrac_GroundSpecies46 no
MassFrac_GroundSpecies47 no
MassFrac_GroundSpecies48 no
MassFrac_GroundSpecies49 no
MassFrac_GroundSpecies50 no
MoleFrac_BackgrSpecies1 no
MoleFrac_BackgrSpecies2 no
MoleFrac_BackgrSpecies3 no
MoleFrac_BackgrSpecies4 no
MoleFrac_BackgrSpecies5 no
MoleFrac_BackgrSpecies6 no
MoleFrac_BackgrSpecies7 no
MoleFrac_BackgrSpecies8 no
MoleFrac_BackgrSpecies9 no
MoleFrac_BackgrSpecies10 no
MoleFrac_BackgrSpecies11 no
MoleFrac_BackgrSpecies12 no
MoleFrac_BackgrSpecies13 no
MoleFrac_BackgrSpecies14 no
MoleFrac_BackgrSpecies15 no
MoleFrac_BackgrSpecies16 no
MoleFrac_BackgrSpecies17 no
MoleFrac_BackgrSpecies18 no
MoleFrac_BackgrSpecies19 no
MoleFrac_BackgrSpecies20 no
MoleFrac_BackgrSpecies21 no
MoleFrac_BackgrSpecies22 no
MoleFrac_BackgrSpecies23 no
MoleFrac_BackgrSpecies24 no
MoleFrac_BackgrSpecies25 no
MoleFrac_BackgrSpecies26 no
MoleFrac_BackgrSpecies27 no
MoleFrac_BackgrSpecies28 no
MoleFrac_BackgrSpecies29 no
MoleFrac_BackgrSpecies30 no
MoleFrac_BackgrSpecies31 no
MoleFrac_BackgrSpecies32 no
MoleFrac_BackgrSpecies33 no
MoleFrac_BackgrSpecies34 no
MoleFrac_BackgrSpecies35 no
MoleFrac_BackgrSpecies36 no
MoleFrac_BackgrSpecies37 no
MoleFrac_BackgrSpecies38 no
MoleFrac_BackgrSpecies39 no
MoleFrac_BackgrSpecies40 no
MoleFrac_BackgrSpecies41 no
MoleFrac_BackgrSpecies42 no
MoleFrac_BackgrSpecies43 no
MoleFrac_BackgrSpecies44 no
MoleFrac_BackgrSpecies45 no
MoleFrac_BackgrSpecies46 no
MoleFrac_BackgrSpecies47 no
MoleFrac_BackgrSpecies48 no
MoleFrac_BackgrSpecies49 no
MoleFrac_BackgrSpecies50 no
MoleFrac_ExcitedSpecies1 no
MoleFrac_ExcitedSpecies2 no
MoleFrac_ExcitedSpecies3 no
MoleFrac_ExcitedSpecies4 no
MoleFrac_ExcitedSpecies5 no
MoleFrac_ExcitedSpecies6 no
MoleFrac_ExcitedSpecies7 no
MoleFrac_ExcitedSpecies8 no
MoleFrac_ExcitedSpecies9 no
MoleFrac_ExcitedSpecies10 no
MoleFrac_ExcitedSpecies11 no
MoleFrac_ExcitedSpecies12 no
MoleFrac_ExcitedSpecies13 no
MoleFrac_ExcitedSpecies14 no
MoleFrac_ExcitedSpecies15 no
MoleFrac_ExcitedSpecies16 no
MoleFrac_ExcitedSpecies17 no
MoleFrac_ExcitedSpecies18 no
MoleFrac_ExcitedSpecies19 no
MoleFrac_ExcitedSpecies20 no
MoleFrac_ExcitedSpecies21 no
MoleFrac_ExcitedSpecies22 no
MoleFrac_ExcitedSpecies23 no
MoleFrac_ExcitedSpecies24 no
MoleFrac_ExcitedSpecies25 no
MoleFrac_ExcitedSpecies26 no
MoleFrac_ExcitedSpecies27 no
MoleFrac_ExcitedSpecies28 no
MoleFrac_ExcitedSpecies29 no
MoleFrac_ExcitedSpecies30 no
MoleFrac_ExcitedSpecies31 no
MoleFrac_ExcitedSpecies32 no
MoleFrac_ExcitedSpecies33 no
MoleFrac_ExcitedSpecies34 no
MoleFrac_ExcitedSpecies35 no
MoleFrac_ExcitedSpecies36 no
MoleFrac_ExcitedSpecies37 no
MoleFrac_ExcitedSpecies38 no
MoleFrac_ExcitedSpecies39 no
MoleFrac_ExcitedSpecies40 no
MoleFrac_ExcitedSpecies41 no
MoleFrac_ExcitedSpecies42 no
MoleFrac_ExcitedSpecies43 no
MoleFrac_ExcitedSpecies44 no
MoleFrac_ExcitedSpecies45 no
MoleFrac_ExcitedSpecies46 no
MoleFrac_ExcitedSpecies47 no
MoleFrac_ExcitedSpecies48 no
MoleFrac_ExcitedSpecies49 no
MoleFrac_ExcitedSpecies50 no
MoleFrac_GroundSpecies1 no
MoleFrac_GroundSpecies2 no
MoleFrac_GroundSpecies3 no
MoleFrac_GroundSpecies4 no
MoleFrac_GroundSpecies5 no
MoleFrac_GroundSpecies6 no
MoleFrac_GroundSpecies7 no
MoleFrac_GroundSpecies8 no
MoleFrac_GroundSpecies9 no
MoleFrac_GroundSpecies10 no
MoleFrac_GroundSpecies11 no
MoleFrac_GroundSpecies12 no
MoleFrac_GroundSpecies13 no
MoleFrac_GroundSpecies14 no
MoleFrac_GroundSpecies15 no
MoleFrac_GroundSpecies16 no
MoleFrac_GroundSpecies17 no
MoleFrac_GroundSpecies18 no
MoleFrac_GroundSpecies19 no
MoleFrac_GroundSpecies20 no
MoleFrac_GroundSpecies21 no
MoleFrac_GroundSpecies22 no
MoleFrac_GroundSpecies23 no
MoleFrac_GroundSpecies24 no
MoleFrac_GroundSpecies25 no
MoleFrac_GroundSpecies26 no
MoleFrac_GroundSpecies27 no
MoleFrac_GroundSpecies28 no
MoleFrac_GroundSpecies29 no
MoleFrac_GroundSpecies30 no
MoleFrac_GroundSpecies31 no
MoleFrac_GroundSpecies32 no
MoleFrac_GroundSpecies33 no
MoleFrac_GroundSpecies34 no
MoleFrac_GroundSpecies35 no
MoleFrac_GroundSpecies36 no
MoleFrac_GroundSpecies37 no
MoleFrac_GroundSpecies38 no
MoleFrac_GroundSpecies39 no
MoleFrac_GroundSpecies40 no
MoleFrac_GroundSpecies41 no
MoleFrac_GroundSpecies42 no
MoleFrac_GroundSpecies43 no
MoleFrac_GroundSpecies44 no
MoleFrac_GroundSpecies45 no
MoleFrac_GroundSpecies46 no
MoleFrac_GroundSpecies47 no
MoleFrac_GroundSpecies48 no
MoleFrac_GroundSpecies49 no
MoleFrac_GroundSpecies50 no
TVib_ExcitedSpecies1 no
TVib_ExcitedSpecies2 no
TVib_ExcitedSpecies3 no
TVib_ExcitedSpecies4 no
TVib_ExcitedSpecies5 no
TVib_ExcitedSpecies6 no
TVib_ExcitedSpecies7 no
TVib_ExcitedSpecies8 no
TVib_ExcitedSpecies9 no
TVib_ExcitedSpecies10 no
TVib_ExcitedSpecies11 no
TVib_ExcitedSpecies12 no
TVib_ExcitedSpecies13 no
TVib_ExcitedSpecies14 no
TVib_ExcitedSpecies15 no
TVib_ExcitedSpecies16 no
TVib_ExcitedSpecies17 no
TVib_ExcitedSpecies18 no
TVib_ExcitedSpecies19 no
TVib_ExcitedSpecies20 no
TVib_ExcitedSpecies21 no
TVib_ExcitedSpecies22 no
TVib_ExcitedSpecies23 no
TVib_ExcitedSpecies24 no
TVib_ExcitedSpecies25 no
TVib_ExcitedSpecies26 no
TVib_ExcitedSpecies27 no
TVib_ExcitedSpecies28 no
TVib_ExcitedSpecies29 no
TVib_ExcitedSpecies30 no
TVib_ExcitedSpecies31 no
TVib_ExcitedSpecies32 no
TVib_ExcitedSpecies33 no
TVib_ExcitedSpecies34 no
TVib_ExcitedSpecies35 no
TVib_ExcitedSpecies36 no
TVib_ExcitedSpecies37 no
TVib_ExcitedSpecies38 no
TVib_ExcitedSpecies39 no
TVib_ExcitedSpecies40 no
TVib_ExcitedSpecies41 no
TVib_ExcitedSpecies42 no
TVib_ExcitedSpecies43 no
TVib_ExcitedSpecies44 no
TVib_ExcitedSpecies45 no
TVib_ExcitedSpecies46 no
TVib_ExcitedSpecies47 no
TVib_ExcitedSpecies48 no
TVib_ExcitedSpecies49 no
TVib_ExcitedSpecies50 no
# -----------------------------------
# Print out of default values
# -----------------------------------
Base_Error1_1 no
Base_Error1_2 no
Base_Error1_3 no
Base_Error1_4 no
Base_Error1_5 no
Base_Error1_6 no
Base_Error1_7 no
Base_Error1_8 no
Base_Error1_9 no
Base_Error1_10 no
Base_Error1_11 no
Base_Error1_12 no
Base_Error1_13 no
Base_Error1_14 no
Base_Error1_15 no
Base_Error1_16 no
Base_Error1_17 no
Base_Error1_18 no
Base_Error1_19 no
Base_Error1_20 no
Base_Error1_21 no
Base_Error1_22 no
Base_Error1_23 no
Base_Error1_24 no
Base_Error1_25 no
Base_Error1_26 no
Base_Error1_27 no
Base_Error1_28 no
Base_Error1_29 no
Base_Error1_30 no
Base_Error1_31 no
Base_Error1_32 no
Base_Error1_33 no
Base_Error1_34 no
Base_Error1_35 no
Base_Error1_36 no
Base_Error1_37 no
Base_Error1_38 no
Base_Error1_39 no
Base_Error1_40 no
Base_Error1_41 no
Base_Error1_42 no
Base_Error1_43 no
Base_Error1_44 no
Base_Error1_45 no
Base_Error1_46 no
Base_Error1_47 no
Base_Error1_48 no
Base_Error1_49 no
Base_Error1_50 no
Base_Limiter_1 no
Base_Limiter_2 no
Base_Limiter_3 no
Base_Limiter_4 no
Base_Limiter_5 no
Base_Limiter_6 no
Base_Limiter_7 no
Base_Limiter_8 no
Base_Limiter_9 no
Base_Limiter_10 no
Base_Limiter_11 no
Base_Limiter_12 no
Base_Limiter_13 no
Base_Limiter_14 no
Base_Limiter_15 no
Base_Limiter_16 no
Base_Limiter_17 no
Base_Limiter_18 no
Base_Limiter_19 no
Base_Limiter_20 no
Base_Limiter_21 no
Base_Limiter_22 no
Base_Limiter_23 no
Base_Limiter_24 no
Base_Limiter_25 no
Base_Limiter_26 no
Base_Limiter_27 no
Base_Limiter_28 no
Base_Limiter_29 no
Base_Limiter_30 no
Base_Limiter_31 no
Base_Limiter_32 no
Base_Limiter_33 no
Base_Limiter_34 no
Base_Limiter_35 no
Base_Limiter_36 no
Base_Limiter_37 no
Base_Limiter_38 no
Base_Limiter_39 no
Base_Limiter_40 no
Base_Limiter_41 no
Base_Limiter_42 no
Base_Limiter_43 no
Base_Limiter_44 no
Base_Limiter_45 no
Base_Limiter_46 no
Base_Limiter_47 no
Base_Limiter_48 no
Base_Limiter_49 no
Base_Limiter_50 no
# -----------------------------------
# Print out of default values
# -----------------------------------
EI_Val1 no
EI_Val2 no
EI_Val3 no
EI_Val4 no
EI_Val5 no
EI_Val6 no
EI_Val7 no
EI_Val8 no
EI_Val9 no
EI_Val10 no
EI_Val11 no
EI_Val12 no
EI_Val13 no
EI_Val14 no
EI_Val15 no
EI_Val16 no
EI_Val17 no
EI_Val18 no
EI_Val19 no
EI_Val20 no
EI_Ave1 no
EI_Ave2 no
EI_Ave3 no
EI_Ave4 no
EI_Ave5 no
EI_Ave6 no
EI_Ave7 no
EI_Ave8 no
EI_Ave9 no
EI_Ave10 no
EI_Ave11 no
EI_Ave12 no
EI_Ave13 no
EI_Ave14 no
EI_Ave15 no
EI_Ave16 no
EI_Ave17 no
EI_Ave18 no
EI_Ave19 no
EI_Ave20 no
EI_Max1 no
EI_Max2 no
EI_Max3 no
EI_Max4 no
EI_Max5 no
EI_Max6 no
EI_Max7 no
EI_Max8 no
EI_Max9 no
EI_Max10 no
EI_Max11 no
EI_Max12 no
EI_Max13 no
EI_Max14 no
EI_Max15 no
EI_Max16 no
EI_Max17 no
EI_Max18 no
EI_Max19 no
EI_Max20 no
EI_Std1 no
EI_Std2 no
EI_Std3 no
EI_Std4 no
EI_Std5 no
EI_Std6 no
EI_Std7 no
EI_Std8 no
EI_Std9 no
EI_Std10 no
EI_Std11 no
EI_Std12 no
EI_Std13 no
EI_Std14 no
EI_Std15 no
EI_Std16 no
EI_Std17 no
EI_Std18 no
EI_Std19 no
EI_Std20 no
EI_Prb1 no
EI_Prb2 no
EI_Prb3 no
EI_Prb4 no
EI_Prb5 no
EI_Prb6 no
EI_Prb7 no
EI_Prb8 no
EI_Prb9 no
EI_Prb10 no
EI_Prb11 no
EI_Prb12 no
EI_Prb13 no
EI_Prb14 no
EI_Prb15 no
EI_Prb16 no
EI_Prb17 no
EI_Prb18 no
EI_Prb19 no
EI_Prb20 no
EI_Cnt1 no
EI_Cnt2 no
EI_Cnt3 no
EI_Cnt4 no
EI_Cnt5 no
EI_Cnt6 no
EI_Cnt7 no
EI_Cnt8 no
EI_Cnt9 no
EI_Cnt10 no
EI_Cnt11 no
EI_Cnt12 no
EI_Cnt13 no
EI_Cnt14 no
EI_Cnt15 no
EI_Cnt16 no
EI_Cnt17 no
EI_Cnt18 no
EI_Cnt19 no
EI_Cnt20 no
User_Var1 no
User_Var2 no
User_Var3 no
User_Var4 no
User_Var5 no
User_Var6 no
User_Var7 no
User_Var8 no
User_Var9 no
User_Var10 no
User_Var11 no
User_Var12 no
User_Var13 no
User_Var14 no
User_Var15 no
User_Var16 no
User_Var17 no
User_Var18 no
User_Var19 no
User_Var20 no
FST_dtcfl no
FST_ninner no
FST_eps no
FST_ni_ave no
FST_ni_fail no
FST_eps_ave no
FST_machpre no
MIX_XVEL1 no
MIX_XVEL2 no
MIX_XVEL3 no
MIX_XVEL4 no
MIX_XVEL5 no
MIX_XVEL6 no
MIX_XVEL7 no
MIX_XVEL8 no
MIX_XVEL9 no
MIX_XVEL10 no
MIX_YVEL1 no
MIX_YVEL2 no
MIX_YVEL3 no
MIX_YVEL4 no
MIX_YVEL5 no
MIX_YVEL6 no
MIX_YVEL7 no
MIX_YVEL8 no
MIX_YVEL9 no
MIX_YVEL10 no
MIX_ZVEL1 no
MIX_ZVEL2 no
MIX_ZVEL3 no
MIX_ZVEL4 no
MIX_ZVEL5 no
MIX_ZVEL6 no
MIX_ZVEL7 no
MIX_ZVEL8 no
MIX_ZVEL9 no
MIX_ZVEL10 no
MIX_XVDR1 no
MIX_XVDR2 no
MIX_XVDR3 no
MIX_XVDR4 no
MIX_XVDR5 no
MIX_XVDR6 no
MIX_XVDR7 no
MIX_XVDR8 no
MIX_XVDR9 no
MIX_XVDR10 no
MIX_YVDR1 no
MIX_YVDR2 no
MIX_YVDR3 no
MIX_YVDR4 no
MIX_YVDR5 no
MIX_YVDR6 no
MIX_YVDR7 no
MIX_YVDR8 no
MIX_YVDR9 no
MIX_YVDR10 no
MIX_ZVDR1 no
MIX_ZVDR2 no
MIX_ZVDR3 no
MIX_ZVDR4 no
MIX_ZVDR5 no
MIX_ZVDR6 no
MIX_ZVDR7 no
MIX_ZVDR8 no
MIX_ZVDR9 no
MIX_ZVDR10 no
MIX_NDENS1 no
MIX_NDENS2 no
MIX_NDENS3 no
MIX_NDENS4 no
MIX_NDENS5 no
MIX_NDENS6 no
MIX_NDENS7 no
MIX_NDENS8 no
MIX_NDENS9 no
MIX_NDENS10 no
MIX_RADIUS1 no
MIX_RADIUS2 no
MIX_RADIUS3 no
MIX_RADIUS4 no
MIX_RADIUS5 no
MIX_RADIUS6 no
MIX_RADIUS7 no
MIX_RADIUS8 no
MIX_RADIUS9 no
MIX_RADIUS10 no
Hess_Var1_xx no
Hess_Var1_yy no
Hess_Var1_zz no
Hess_Var1_xy no
Hess_Var1_xz no
Hess_Var1_yz no
u'_rms no
v'_rms no
w'_rms no
modeled_u'_rms no
modeled_v'_rms no
modeled_w'_rms no
resolved_u'_rms no
resolved_v'_rms no
resolved_w'_rms no
p_averaged no
T_averaged no
u_averaged no
v_averaged no
w_averaged no
r_averaged no
m_averaged no
turb1_averaged no
turb2_averaged no
turb3_averaged no
turb4_averaged no
turb5_averaged no
turb6_averaged no
turb7_averaged no
colr1_averaged no
colr2_averaged no
colr3_averaged no
colr4_averaged no
colr5_averaged no
spec1_averaged no
spec2_averaged no
spec3_averaged no
spec4_averaged no
spec5_averaged no
spec6_averaged no
spec7_averaged no
spec8_averaged no
spec9_averaged no
spec10_averaged no
volf1_averaged no
edpr1_averaged no
P_total_averaged no
T_total_averaged no
U_Rad no
U_Azi no
U_Axi no
U_Rad_averaged no
U_Azi_averaged no
U_Axi_averaged no
U_Car_averaged no
V_Car_averaged no
W_Car_averaged no
plt_axis 1
plt_xcen  0.0000000e+00
plt_ycen  0.0000000e+00
plt_zcen  0.0000000e+00
plt_dirx  0.0000000e+00
plt_diry  0.0000000e+00
plt_dirz  1.0000000e+00
plt_azix  1.0000000e+00
plt_aziy  0.0000000e+00
plt_aziz  0.0000000e+00
plt_omeg  0.0000000e+00
plt_pcorgrav 1
# -----------------------------------
# Options changed from default values
# -----------------------------------
# -----------------------------------
# Options changed from default values
# -----------------------------------
# -----------------------------------
# Options changed from default values
# -----------------------------------
# -----------------------------------
# Options changed from default values
# -----------------------------------
# -----------------------------------
# Options changed from default values
# -----------------------------------
# -----------------------------------
# Options changed from default values
# -----------------------------------
# -----------------------------------
# Options changed from default values
# -----------------------------------
# -----------------------------------
# Options changed from default values
# -----------------------------------
# -----------------------------------
# Options changed from default values
# -----------------------------------
# -----------------------------------
# Options changed from input values
# -----------------------------------
# -----------------------------------
# Options changed from input values
# -----------------------------------
# -----------------------------------
# Options changed from input values
# -----------------------------------
# -----------------------------------
# Options changed from input values
# -----------------------------------
# -----------------------------------
# Options changed from input values
# -----------------------------------
# -----------------------------------
# Options changed from input values
# -----------------------------------
# -----------------------------------
# Options changed from input values
# -----------------------------------
# -----------------------------------
# Options changed from input values
# -----------------------------------
# -----------------------------------
# Options changed from input values
# -----------------------------------
200 words of size 8 bytes callocated for char **plt_Titl at 0x39edbd0
640 words of size 1 bytes callocated for char *plt_Titl_arr at 0x39ee220
200 words of size 4 bytes callocated for INTG *plt_varind at 0x39ee4b0
--------------------------------------------------
Allocation information from dat1din.c
100 words of size 4 bytes callocated for INTG *infbcsu at 0x39ee7e0
--------------------------------------------------
--------------------------------------------------
Allocation information from dat3din.c
100 words of size 4 bytes callocated for INTG *infbcsu at 0x39ee980
--------------------------------------------------
m6df_coup.iterat = 0
m6df_coup.itergl = 0
m6df_coup.itermx = 0
m6df_coup.keepqn = 0
m6df_coup.fomopt = 0
m6df_coup.velopt = 0
m6df_coup.icoeff = 0
m6df_coup.coefnm =  2.5000000e-01
m6df_coup.coefnn =  0.0000000e+00
m6df_coup.coefnp =  7.5000000e-01
--------------------------------------------------
Allocation information from cellsmem.c
860160 words of size 16 bytes callocated for struct cellinfo *celinf at 0x1461171c3010
860161 words of size 8 bytes callocated for INTG8BYTE *celptr at 0x146116b32010
6881280 words of size 4 bytes callocated for INTG *celvar at 0x1461150f1010
--------------------------------------------------
--------------------------------------------------mc_prallo.c begin
Memory allocated using mc_calloc  =       56340 KiloBytes (55 MB)
Memory allocation total (method 1)=       56340 KiloBytes (55 MB)
Memory allocation total (method 2)=       56340 KiloBytes (55 MB)
--------------------------------------------------mc_prallo.c end
--------------------------------------------------mc_prallo.c begin
Memory allocated using mc_calloc  =       56340 KiloBytes (55 MB)
Memory allocation total (method 1)=       56340 KiloBytes (55 MB)
Memory allocation total (method 2)=       56340 KiloBytes (55 MB)
--------------------------------------------------mc_prallo.c end
--------------------------------------------------mc_prallo.c begin
Memory allocated using mc_calloc  =       56340 KiloBytes (55 MB)
Memory allocation total (method 1)=       56340 KiloBytes (55 MB)
Memory allocation total (method 2)=       56340 KiloBytes (55 MB)
--------------------------------------------------mc_prallo.c end
100 words of size 4 bytes callocated for INTG *vFacs at 0x39eeb20
100 words of size 4 bytes callocated for INTG *ckey at 0x39eecc0
100 words of size 4 bytes callocated for INTG *fLvxs at 0x39eee60
100 words of size 4 bytes callocated for INTG *ckey at 0x39ef000
100 words of size 4 bytes callocated for INTG *fLvxs at 0x39ef1a0
100 words of size 4 bytes callocated for INTG *fGvxs at 0x39ef340
--------------------------------------------------
Allocation information from nodcels.c
885418 words of size 8 bytes callocated for INTG8BYTE *c_n_p at 0x146114a2f010
--------------------------------------------------
--------------------------------------------------mc_prallo.c begin
Memory allocated using mc_calloc  =       63260 KiloBytes (62 MB)
Memory allocation total (method 1)=       63260 KiloBytes (62 MB)
Memory allocation total (method 2)=       63260 KiloBytes (62 MB)
--------------------------------------------------mc_prallo.c end
--------------------------------------------------
Allocation information from nodcels.c
6881280 words of size 4 bytes callocated for INTG *c_n_v at 0x146112fee010
--------------------------------------------------
--------------------------------------------------
Allocation information from cofacis2.c
860161 words of size 8 bytes callocated for INTG8BYTE *cofptr at 0x14611295d010
--------------------------------------------------
--------------------------------------------------mc_prallo.c begin
Memory allocated using mc_calloc  =       96860 KiloBytes (95 MB)
Memory allocation total (method 1)=       96860 KiloBytes (95 MB)
Memory allocation total (method 2)=       96860 KiloBytes (95 MB)
--------------------------------------------------mc_prallo.c end
mx_f_c=6
mx_CelFaces=6
MX_CELFACES=6
--------------------------------------------------
Allocation information from cofacis2.c
5160960 words of size 8 bytes callocated for INTG8BYTE *cofins at 0x1461101fc010
5160960 words of size 8 bytes callocated for INTG8BYTE *cofout at 0x14610da9b010
--------------------------------------------------
--------------------------------------------------mc_prallo.c begin
Memory allocated using mc_calloc  =      177500 KiloBytes (173 MB)
Memory allocation total (method 1)=      177500 KiloBytes (173 MB)
Memory allocation total (method 2)=      177500 KiloBytes (173 MB)
--------------------------------------------------mc_prallo.c end
--------------------------------------------------
Allocation information from cofacis2.c
5160960 words of size 12 bytes callocated for struct face_str *face_str at 0x146109f8a010
--------------------------------------------------
--------------------------------------------------mc_prallo.c begin
Memory allocated using mc_calloc  =      237980 KiloBytes (232 MB)
Memory allocation total (method 1)=      237980 KiloBytes (232 MB)
Memory allocation total (method 2)=      237980 KiloBytes (232 MB)
--------------------------------------------------mc_prallo.c end
--------------------------------------------------
Allocation information from exbcsin.c
100 words of size 4 bytes callocated for INTG *verts at 0x39ef4e0
12 words of size 4 bytes callocated for INTG *ebcsel at 0x39ef680
50048 words of size 48 bytes callocated for struct bcinfo *bcinf at 0x146109d3f010
For bc selector #1, number of ebc faces = 5376
For bc selector #2, number of ebc faces = 17920
For bc selector #3, number of ebc faces = 15360
For bc selector #4, number of ebc faces = 5120
For bc selector #5, number of ebc faces = 6272
--------------------------------------------------
--------------------------------------------------mc_prallo.c begin
Memory allocated using mc_calloc  =      240326 KiloBytes (235 MB)
Memory allocation total (method 1)=      240326 KiloBytes (235 MB)
Memory allocation total (method 2)=      240326 KiloBytes (235 MB)
--------------------------------------------------mc_prallo.c end
--------------------------------------------------
Allocation information from nodesmem.c
885417 words of size 4 bytes callocated for struct nodeinfo *nodinf at 0x1461099de010
--------------------------------------------------
--------------------------------------------------
Allocation information from nodesmem.c
5312502 words of size 8 bytes callocated for REAL *nodvar at 0x146107156010
--------------------------------------------------
--------------------------------------------------mc_prallo.c begin
Memory allocated using mc_calloc  =      285289 KiloBytes (279 MB)
Memory allocation total (method 1)=      285289 KiloBytes (279 MB)
Memory allocation total (method 2)=      285289 KiloBytes (279 MB)
--------------------------------------------------mc_prallo.c end
--------------------------------------------------mc_prallo.c begin
Memory allocated using mc_calloc  =      285289 KiloBytes (279 MB)
Memory allocation total (method 1)=      285289 KiloBytes (279 MB)
Memory allocation total (method 2)=      285289 KiloBytes (279 MB)
--------------------------------------------------mc_prallo.c end
100 words of size 4 bytes callocated for INTG *cgtrack at 0x39ef6c0
--------------------------------------------------mc_prallo.c begin
Memory allocated using mc_calloc  =      285289 KiloBytes (279 MB)
Memory allocation total (method 1)=      285289 KiloBytes (279 MB)
Memory allocation total (method 2)=      285289 KiloBytes (279 MB)
--------------------------------------------------mc_prallo.c end
"CPU" time = 0.498653 seconds
"CLOCK" time = 1 seconds
Timestamp at run-end: (1679416893Es) Tue Mar 21 17:41:33 2023
#################################################
process id = 1672413
my_id=0, my_sz=1
CFD++: Version 19.1, Update 11
Compilation TIMESTAMP: Jan 22 2022 08:37:50
MCFD_LICEXT TIMESTAMP: Sat Jan 22 01:02:19 2022
-------------------------------------------------
Computer hostname is dvvis02
Computer system type is LINUX
#################################################
Current working directory is:
/davinci-1/home/apiccolo_ext/Image/training/trip
#################################################
#################################################
Current shell is:
/bin/bash
#################################################
#################################################
Current Software Version, Update:
CFD++: Version 19.1, Update 11
#################################################
This software is protected by copyright laws
of the United States of America.
This software is subject to SBIR Data Rights clauses
and unauthorized disclosure and distribution is prohibited.
